100  ./data/map//00100_field1
101  ./data/map//00101_baros
300  ./data/map//00300_field2
301  ./data/map//00301_dari
302  ./data/map//00302_umi
400  ./data/map//00400_field3
401  ./data/map//00401_friaporos
402  ./data/map//00402_field4
600  ./data/map//00600_field1
1000  ./data/map//01000_city
1011  ./data/map//01011_buki1
1012  ./data/map//01012_buki2
1021  ./data/map//01021_bougu1
1022  ./data/map//01022_bougu2
1031  ./data/map//01031_acsessry
1041  ./data/map//01041_magic
1051  ./data/map//01051_zaka
1061  ./data/map//01061_food1
1062  ./data/map//01062_food2
1071  ./data/map//01071_matiere-shop
1081  ./data/map//01081_house-agent
1091  ./data/map//01091_ee
1092  ./data/map//01092_guild
1101  ./data/map//01101_pab
1102  ./data/map//01102_room
1103  ./data/map//01103
1104  ./data/map//01104_room
1105  ./data/map//01105_room
1111  ./data/map//01111_church01
1112  ./data/map//01112_church02
1121  ./data/map//01121_bank
1150  ./data/map//01150_room
1151  ./data/map//01151_room
1152  ./data/map//01152_room
1153  ./data/map//01153_room
1154  ./data/map//01154_bighouse
1155  ./data/map//01155_yamahouse
1156  ./data/map//01156_bety
1157  ./data/map//01157_room
1158  ./data/map//01158_room
1159  ./data/map//01159_room
1160  ./data/map//01160_m
1161  ./data/map//01161_room
1162  ./data/map//01162_room
1164  ./data/map//01164_bighouse2F
1165  ./data/map//01165_crystalsyop
1166  ./data/map//01166_coinkoukan
1170  ./data/map//01170_pab
1171  ./data/map//01171_room
1172  ./data/map//01172_room
1174  ./data/map//01174
1180  ./data/map//01180_room
1181  ./data/map//01181_room
1182  ./data/map//01182_room
1183  ./data/map//01183_bigroom
1184  ./data/map//01184_bigroom
1185  ./data/map//01185_room
1186  ./data/map//01186_room
1187  ./data/map//01187_bigroom
1188  ./data/map//01188_bigroom
1189  ./data/map//01189_room
1190  ./data/map//01190_room
1191  ./data/map//01191_room
1192  ./data/map//01192_room
1193  ./data/map//01193_bigroom
1194  ./data/map//01194_bigroom
1195  ./data/map//01195_food
1201  ./data/map//01201_genkan
1202  ./data/map//01202_rehaidou
1203  ./data/map//01203_cikakaidan
1204  ./data/map//01204_souko
1205  ./data/map//01205_hikae
1206  ./data/map//01206_gesuto
1207  ./data/map//01207_guildmaster
1208  ./data/map//01208_skillmaster
1301  ./data/map//01301_theater
1302  ./data/map//01302_theater
1303  ./data/map//01303_theater
1304  ./data/map//01304_theater
1305  ./data/map//01305_theater
1400  ./data/map//01400_genkan
1401  ./data/map//01401_hall
1402  ./data/map//01402_hikae
1403  ./data/map//01403_shop
1404  ./data/map//01404_hikae
1405  ./data/map//01405_meiro
1406  ./data/map//01406_1st
1407  ./data/map//01407_2nd
1408  ./data/map//01408_3rd
1409  ./data/map//01409_4th
1410  ./data/map//01410_5th
1411  ./data/map//01411_other
1412  ./data/map//01412_meiro
1413  ./data/map//01413_meiro
1420  ./data/map//01420_sugo6
1421  ./data/map//01421_sugo6
1422  ./data/map//01422_sugo6
1423  ./data/map//01423_sugo6
1424  ./data/map//01424_sugo6
1450  ./data/map//01450_ura
1451  ./data/map//01451_ura
1452  ./data/map//01452_ura
1453  ./data/map//01453_ura
1454  ./data/map//01454_ura
1455  ./data/map//01455_ura
1456  ./data/map//01456_ura
1457  ./data/map//01457_ura
1458  ./data/map//01458_ura
1459  ./data/map//01459_ura
1460  ./data/map//01460_ura
1461  ./data/map//01461_ura
1462  ./data/map//01462_ura
1463  ./data/map//01463_ura
1464  ./data/map//01464_ura
1465  ./data/map//01465_ura
1466  ./data/map//01466_ura
1467  ./data/map//01467_ura
1468  ./data/map//01468_ura
1469  ./data/map//01469_ura
1470  ./data/map//01470_ura
1471  ./data/map//01471_ura
1472  ./data/map//01472_ura
1473  ./data/map//01473_ura
1474  ./data/map//01474_ura
1475  ./data/map//01475_ura
1476  ./data/map//01476_ura
1477  ./data/map//01477_ura
1478  ./data/map//01478_ura
1479  ./data/map//01479_ura
1480  ./data/map//01480_ura
1481  ./data/map//01481_ura
1482  ./data/map//01482_ura
1483  ./data/map//01483_ura
1484  ./data/map//01484_ura
1485  ./data/map//01485_ura
1486  ./data/map//01486_ura
1487  ./data/map//01487_ura
1488  ./data/map//01488_ura
1489  ./data/map//01489_ura
1490  ./data/map//01490_ura
1491  ./data/map//01491_ura
1492  ./data/map//01492_ura
1493  ./data/map//01493_ura
1494  ./data/map//01494_ura
1495  ./data/map//01495_ura
1496  ./data/map//01496_ura
1500  ./data/map//01500_court
1502  ./data/map//01502_Cuisine
1504  ./data/map//01504_Depository
1506  ./data/map//01506_Dining_Hall
1507  ./data/map//01507_guest_room
1508  ./data/map//01508_guest_room2
1509  ./data/map//01509_guest_room3
1510  ./data/map//01510_guest_room4
1511  ./data/map//01511_Durbar_Room
1512  ./data/map//01512_Bedroom
1513  ./data/map//01513_kihin
1518  ./data/map//01518_rouka6
1520  ./data/map//01520_castle1
1521  ./data/map//01521_castle2
1522  ./data/map//01522_castle3
1530  ./data/map//01530_birthplace-01
1531  ./data/map//01531_tutor1
1533  ./data/map//01533_birthplace-02
1534  ./data/map//01534_birthplace-03
1535  ./data/map//01535_birthplace-04
1536  ./data/map//01536_birthplace-05
1537  ./data/map//01537_birthplace-06
1538  ./data/map//01538_tutor3
1539  ./data/map//01539_monsterroom
1540  ./data/map//01540_robi
1541  ./data/map//01541_robi
1542  ./data/map//01542_robi
1800  ./data/map//01800_room
1801  ./data/map//01801_room
1802  ./data/map//01802_room
1803  ./data/map//01803_room
1804  ./data/map//01804_room
1805  ./data/map//01805_room
1806  ./data/map//01806_room
1807  ./data/map//01807_room
1808  ./data/map//01808_room
1809  ./data/map//01809_room
1810  ./data/map//01810_room
1811  ./data/map//01811_room
1850  ./data/map//01850_apartment_A
1860  ./data/map//01860_apartment_B
1870  ./data/map//01870_apartment_C
2000  ./data/map//02000_eel
2001  ./data/map//02001_bukibougu
2002  ./data/map//02002_pub
2010  ./data/map//02010_hos
2012  ./data/map//02012_sontyo
2013  ./data/map//02013_room
2014  ./data/map//02014_room
2099  ./data/map//02099_gateroom
2100  ./data/map//02100_willnoa
2101  ./data/map//02101_soubi
2110  ./data/map//02110_hos
2111  ./data/map//02111_hos
2112  ./data/map//02112_sonntyo
2113  ./data/map//02113_room
2120  ./data/map//02120_room
2121  ./data/map//02121_room
2198  ./data/map//02198_smallroom
2199  ./data/map//02199_gateroom
2200  ./data/map//02200_ukrum
2201  ./data/map//02201_zakka
2202  ./data/map//02202_zakka2f
2211  ./data/map//02211_hos
2212  ./data/map//02212_sontyo
2213  ./data/map//02213_kura
2214  ./data/map//02214_kura
2215  ./data/map//02215_tika
2216  ./data/map//02216_kura
2220  ./data/map//02220_room
2221  ./data/map//02221_room
2223  ./data/map//02223_room
2224  ./data/map//02224_room
2225  ./data/map//02225_room
2226  ./data/map//02226_room
2250  ./data/map//02250_jinbatiroom
2251  ./data/map//02251_mondairoom
2252  ./data/map//02252_mondaiiroom
2253  ./data/map//02253_mondairoom
2254  ./data/map//02254_mondairoom
2255  ./data/map//02255_mondairoom
2256  ./data/map//02256_mondairoom
2257  ./data/map//02257_mondairoom
2258  ./data/map//02258_mondairoom
2259  ./data/map//02259_mondairoom
2260  ./data/map//02260_mondairoom
2300  ./data/map//02300_seraluca
2301  ./data/map//02301_soubi
2302  ./data/map//02302_room
2303  ./data/map//02303_tikaroom
2306  ./data/map//02306_syokuryo
2307  ./data/map//02307_sozai
2308  ./data/map//02308_bar
2309  ./data/map//02309_bar
2310  ./data/map//02310_hos
2311  ./data/map//02311_hos
2312  ./data/map//02312_sontyo
2313  ./data/map//02313_sontyo
2320  ./data/map//02320_room
2399  ./data/map//02399_gateroom
2400  ./data/map//02400_aryurt
2401  ./data/map//02401_soubi
2410  ./data/map//02410_hos
2412  ./data/map//02412_sonntyo
2420  ./data/map//02420_room
2421  ./data/map//02421_room
2431  ./data/map//02431_clubmoon
2432  ./data/map//02432_tuuro
2433  ./data/map//02433_hikae
2499  ./data/map//02499_gateroom
2800  ./data/map//02800_room
2801  ./data/map//02801_room
2802  ./data/map//02802_room
2803  ./data/map//02803_room
2804  ./data/map//02804_room
2805  ./data/map//02805_room
2806  ./data/map//02806_room
2807  ./data/map//02807_room
2808  ./data/map//02808_room
2810  ./data/map//02810_pons
2811  ./data/map//02811_pons
3000  ./data/map//03000_garuna
3001  ./data/map//03001_soubi
3002  ./data/map//03002_acse
3008  ./data/map//03008_bar
3010  ./data/map//03010_kyoukai
3012  ./data/map//03012_sontyo
3013  ./data/map//03013_soroom
3014  ./data/map//03014_soroom
3020  ./data/map//03020_room
3021  ./data/map//03021_room
3099  ./data/map//03099_gateroom
3100  ./data/map//03100_harbell
3200  ./data/map//03200_kiri
3201  ./data/map//03201_soubi
3202  ./data/map//03202_acse
3208  ./data/map//03208_pub
3210  ./data/map//03210_hos
3212  ./data/map//03212_sontyo
3213  ./data/map//03213_soroom
3214  ./data/map//03214_soroom
3220  ./data/map//03220_room
3221  ./data/map//03221_room
3299  ./data/map//03299_gateroom
3300  ./data/map//03300_harbelground
3301  ./data/map//03301_monolithroom
3350  ./data/map//03350_shrman
3351  ./data/map//03351_shrman
3352  ./data/map//03352_syrman
3353  ./data/map//03353_syrman
3354  ./data/map//03354_shrman
3355  ./data/map//03355_haberu
3801  ./data/map//03801_room
3802  ./data/map//03802_room
3803  ./data/map//03803_room
3804  ./data/map//03804_room
3805  ./data/map//03805_room
3806  ./data/map//03806_room
3807  ./data/map//03807_room
4000  ./data/map//04000_jenova
4001  ./data/map//04001_acse
4002  ./data/map//04002_bukibougu
4008  ./data/map//04008_pub
4009  ./data/map//04009_pub
4010  ./data/map//04010_hos
4011  ./data/map//04011_hps
4012  ./data/map//04012_sontyo
4013  ./data/map//04013_sontyo
4020  ./data/map//04020_room
4021  ./data/map//04021_pub
4022  ./data/map//04022_room
4099  ./data/map//04099_gateroom
4100  ./data/map//04100_asteria
4130  ./data/map//04130_shrine
4131  ./data/map//04131_shrine
4140  ./data/map//04140_hos
4141  ./data/map//04141_zakka
4142  ./data/map//04142_hiroma
4143  ./data/map//04143_room
4144  ./data/map//04144_room
4145  ./data/map//04145_room
4146  ./data/map//04146_room
4200  ./data/map//04200_tina
4201  ./data/map//04201_nighttina
4206  ./data/map//04206_syokuryou
4208  ./data/map//04208_pub
4209  ./data/map//04209_pub
4210  ./data/map//04210_hos
4211  ./data/map//04211_hos
4212  ./data/map//04212_sontyo
4213  ./data/map//04213_sontyo
4214  ./data/map//04214_sontyo
4220  ./data/map//04220_room
4221  ./data/map//04221_room
4222  ./data/map//04222_room
4230  ./data/map//04230_nightpub
4232  ./data/map//04232_nightgateroom
4299  ./data/map//04299_gateroom
4300  ./data/map//04300_alpanes
4308  ./data/map//04308_pub
4309  ./data/map//04309_pub
4310  ./data/map//04310_hos
4312  ./data/map//04312_sontyo
4313  ./data/map//04313_sontyo
4320  ./data/map//04320_room
4321  ./data/map//04321_room
4322  ./data/map//04322_room
4330  ./data/map//04330_room
4331  ./data/map//04331_under
4332  ./data/map//04332_under
4333  ./data/map//04333_room
4334  ./data/map//04334_under
4335  ./data/map//04335_under
4399  ./data/map//04399_gateroom
4400  ./data/map//04400_daigakuimo
4401  ./data/map//04401_jikenroom
4402  ./data/map//04402_b1
4403  ./data/map//04403_doukutu
4404  ./data/map//04404_doukutu
4405  ./data/map//04405_doukutu
4406  ./data/map//04406_doukutu
4407  ./data/map//04407_doukutu
4408  ./data/map//04408_doukutu
4409  ./data/map//04409_doukutu
4410  ./data/map//04410_magicschool
4411  ./data/map//04411_room
4412  ./data/map//04412_room
4413  ./data/map//04413_room
4414  ./data/map//04414_room
4415  ./data/map//04415_room
4416  ./data/map//04416_staffroom
4417  ./data/map//04417_musicroom
4418  ./data/map//04418_Arena
4419  ./data/map//04419_presidentroom
4420  ./data/map//04420_lumberroom
4421  ./data/map//04421_successroom
4422  ./data/map//04422_katiku
4423  ./data/map//04423_katiku
4424  ./data/map//04424_katiku
4430  ./data/map//04430_jikenroom
4431  ./data/map//04431_musicroom
4432  ./data/map//04432_musicroom
4451  ./data/map//04451_souko
4452  ./data/map//04452_souko
4453  ./data/map//04453_souko
4454  ./data/map//04454_souko
4455  ./data/map//04455_souko
4456  ./data/map//04456_titeiko
4457  ./data/map//04457_titeiko
4500  ./data/map//04500_haioku
4501  ./data/map//04501_saidan
4502  ./data/map//04502_saidan
4800  ./data/map//04800
4801  ./data/map//04801
4802  ./data/map//04802
4803  ./data/map//04803
4804  ./data/map//04804
4805  ./data/map//04805
4806  ./data/map//04806
4807  ./data/map//04807
4808  ./data/map//04808
4809  ./data/map//04809
4810  ./data/map//04810
4811  ./data/map//04811
4812  ./data/map//04812
5000  ./data/map//05000_gobmura
5001  ./data/map//05001_nokka
5002  ./data/map//05002_nokka
5003  ./data/map//05003_room
5004  ./data/map//05004_gmfloor
5005  ./data/map//05005
5006  ./data/map//05006
5007  ./data/map//05007_room
5008  ./data/map//05008_candy
5009  ./data/map//05009_candy
5010  ./data/map//05010_candy
5011  ./data/map//05011_candy
5012  ./data/map//05012_candy
5013  ./data/map//05013_candy
5014  ./data/map//05014_candy
5015  ./data/map//05015_ryu
5016  ./data/map//05016_chuso
6000  ./data/map//06000_city
6100  ./data/map//06100_eel
6200  ./data/map//06200_willnoa
6300  ./data/map//06300_ukrum
6400  ./data/map//06400_seraluca
6500  ./data/map//06500_aryurt
11000  ./data/map//11000_tunnel_C
11001  ./data/map//11001_tunnel_C
11002  ./data/map//11002_tunnel_C
11003  ./data/map//11003_tunnel_D
11004  ./data/map//11004_tunnel_D
11005  ./data/map//11005_tunnel_D
11006  ./data/map//11006_caveA
11007  ./data/map//11007_caveA
11008  ./data/map//11008_caveA
11009  ./data/map//11009_caveA
11010  ./data/map//11010_caveA
11011  ./data/map//11011_caveA
11012  ./data/map//11012_cave_fA
11013  ./data/map//11013_bordA
11014  ./data/map//11014_bordA
11015  ./data/map//11015_tutor2
11016  ./data/map//11016_usi_A
11017  ./data/map//11017_usi_B
11018  ./data/map//11018_usi_C
11019  ./data/map//11019_usi_D
11020  ./data/map//11020_komuramasa
11021  ./data/map//11021_kobizen
11022  ./data/map//11022_tunnel_C
11023  ./data/map//11023_seodoa
11024  ./data/map//11024_viking
11025  ./data/map//11025_caveA
11026  ./data/map//11026_caveA
11027  ./data/map//11027_caveA
11028  ./data/map//11028_tunnel_D
11029  ./data/map//11029_take
11030  ./data/map//11030_take
11031  ./data/map//11031_kodaiju
11032  ./data/map//11032_jukai
11033  ./data/map//11033_earth00
11034  ./data/map//11034_earth01
11035  ./data/map//11035_earth02
11036  ./data/map//11036_earth03
11037  ./data/map//11037_earth04
11038  ./data/map//11038_nazo
11039  ./data/map//11039_kodaiju2
11040  ./data/map//11040_kodaiju3
11111  ./data/map//11111_sample
11500  ./data/map//11500_caveA
11501  ./data/map//11501_caveA
11502  ./data/map//11502_caveA
13001  ./data/map//13001_tunnel_E
13002  ./data/map//13002_hill
13003  ./data/map//13003_hill
13004  ./data/map//13004_hill
13005  ./data/map//13005hill
13006  ./data/map//13006_hill
13007  ./data/map//13007_hill
13008  ./data/map//13008_hill
13009  ./data/map//13009_hill_summit
13010  ./data/map//13010_hill
13011  ./data/map//13011_hill
13012  ./data/map//13012_hill
13013  ./data/map//13013_hill
13014  ./data/map//13014_hill
13015  ./data/map//13015_bottart
13016  ./data/map//13016_hokora
13017  ./data/map//13017_hokora
13018  ./data/map//13018_hokora
13019  ./data/map//13019_hokora
13020  ./data/map//13020_hokora
13021  ./data/map//13021_hokora
13022  ./data/map//13022_hokora
13500  ./data/map//13500_n_doukutu
13501  ./data/map//13501_n_doukutu
13502  ./data/map//13502_n_doukutu
13503  ./data/map//13503_chiteiko
13504  ./data/map//13504_chiteiko
13505  ./data/map//13505_namazu
13506  ./data/map//13506_syokudou
13507  ./data/map//13507_ibukuro00
13508  ./data/map//13508_ibukuro01
13509  ./data/map//13509_ibukuro02
13510  ./data/map//13510_tuuro
13511  ./data/map//13511_syocyo00
13512  ./data/map//13512_syocyo01
13513  ./data/map//13513_syocyo02
13514  ./data/map//13514_tuuro
13515  ./data/map//13515_daicyo
14000  ./data/map//14000_tunnel_F
14001  ./data/map//14001_tunnel_F
14002  ./data/map//14002_tunnel_F
14003  ./data/map//14003_doukutu1f
14004  ./data/map//14004_doukutu2f
14005  ./data/map//14005_doukutu3f
14006  ./data/map//14006_doukutu4f
14007  ./data/map//14007_doukutu5f
14008  ./data/map//14008_doukutu6f
14009  ./data/map//14009_doukutu7f
14010  ./data/map//14010_sando
14011  ./data/map//14011_sando
14012  ./data/map//14012_sando
14013  ./data/map//14013_sando
14014  ./data/map//14014_sando
14015  ./data/map//14015_sando
14016  ./data/map//14016_sando
14017  ./data/map//14017_viking2
14018  ./data/map//14018_vikingB6
14019  ./data/map//14019_vikingB5
14020  ./data/map//14020_vikingB4
14021  ./data/map//14021_vikingB3
14022  ./data/map//14022_vikingB2
14023  ./data/map//14023_vikingB1
14024  ./data/map//14024_vikingboss
14025  ./data/map//14025_vikingF1
14036  ./data/map//14036_vikingboss2
14037  ./data/map//14037_vikingboss3
14038  ./data/map//14038_vikingboss4
14039  ./data/map//14039_viking
15000  ./data/map//15000_tunnel_A
15001  ./data/map//15001_tunnel_A
15002  ./data/map//15002_tunnel_A
15003  ./data/map//15003_tunnel_B
15004  ./data/map//15004_tunnel_B
15005  ./data/map//15005_tunnel_B
15006  ./data/map//15006_tunnel_A
15007  ./data/map//15007_zyuzyutu
15008  ./data/map//15008_rouka
15009  ./data/map//15009_smroom
15010  ./data/map//15010_smroom
15011  ./data/map//15011_gmroom
15012  ./data/map//15012_gmroom
15101  ./data/map//15101_extraA1
15102  ./data/map//15102_extraA2
15103  ./data/map//15103_viking
15201  ./data/map//15201_extraB1
15202  ./data/map//15202_extraB2
15203  ./data/map//15203_viking
15301  ./data/map//15301_extraC1
15303  ./data/map//15303_viking
15400  ./data/map//15400_tunnel_G
15401  ./data/map//15401_tunnel_G
15402  ./data/map//15402_tunnel_G
15500  ./data/map//15500_devilabo
15501  ./data/map//15501_room
15502  ./data/map//15502_room
15503  ./data/map//15503_devilabo
15504  ./data/map//15504_devilabo
15505  ./data/map//15505_devi2
15506  ./data/map//15506_devi2
15507  ./data/map//15507_plant
15508  ./data/map//15508_plant
15509  ./data/map//15509_bigroom
15510  ./data/map//15510_grave
15511  ./data/map//15511_fireplace
15513  ./data/map//15513_hos
15514  ./data/map//15514_soroom
15515  ./data/map//15515_soroom
15516  ./data/map//15516_sontyo
15517  ./data/map//15517_plant
15518  ./data/map//15518_devi4
15519  ./data/map//15519_devi4
15520  ./data/map//15520_devi4
15521  ./data/map//15521_kasumi
15522  ./data/map//15522_hyoga
15523  ./data/map//15523_hyoga_koya
15524  ./data/map//15524_usi
15525  ./data/map//15525_usi
15526  ./data/map//15526_usi
15527  ./data/map//15527_usi
15528  ./data/map//15528_usi
15529  ./data/map//15529_usi
15530  ./data/map//15530_usi
15531  ./data/map//15531_devi5
15532  ./data/map//15532_devi5
15533  ./data/map//15533_devi5
15534  ./data/map//15534_houmotu
15535  ./data/map//15535_devi5
15536  ./data/map//15536_toudo
15537  ./data/map//15537_toud
15538  ./data/map//15538_devi5
15539  ./data/map//15539_devi5
15540  ./data/map//15540_toud-
15541  ./data/map//15541_devi5-
15542  ./data/map//15542_undine
15543  ./data/map//15543_undine
15544  ./data/map//15544_undine
15545  ./data/map//15545_undine
15546  ./data/map//15546_undine
15547  ./data/map//15547_undine
15548  ./data/map//15548_siro
15549  ./data/map//15549_kuro
15550  ./data/map//15550_hai
15551  ./data/map//15551_dora
15552  ./data/map//15552_genkan
15553  ./data/map//15553_hai2
15554  ./data/map//15554_siro3
15555  ./data/map//15555_kuro3
15556  ./data/map//15556_hai3
15557  ./data/map//15557_siro0
15558  ./data/map//15558_kuro0
15559  ./data/map//15559_siro2
15560  ./data/map//15560_kuro2
15561  ./data/map//15561_siro4
15562  ./data/map//15562_hai4
15563  ./data/map//15563_kuro4
15564  ./data/map//15564_hone
15565  ./data/map//15565_hone
15566  ./data/map//15566_hone
15567  ./data/map//15567_hone
15568  ./data/map//15568_hone
15569  ./data/map//15569_hone
15570  ./data/map//15570_hone
15571  ./data/map//15571_gran
15572  ./data/map//15572_gran
15573  ./data/map//15573_gran
15574  ./data/map//15574_ougon
15575  ./data/map//15575_midori
15576  ./data/map//15576_seiya
15577  ./data/map//15577_midorikako
15578  ./data/map//15578_brackca
15579  ./data/map//15579_siroca
15580  ./data/map//15580_soukutu
15581  ./data/map//15581_grapass_n
15582  ./data/map//15582_grapass_s
15583  ./data/map//15583_siroca2
15584  ./data/map//15584_brackca2
15585  ./data/map//15585_siroca3
15586  ./data/map//15586_brackca3
15587  ./data/map//15587_seiya2
15588  ./data/map//15588_gran
15589  ./data/map//15589_siro20
15590  ./data/map//15590_kuro20
15592  ./data/map//15592_kaitei1
15593  ./data/map//15593_kaitei2
15594  ./data/map//15594_kaitei3
15595  ./data/map//15595_entrance
15596  ./data/map//15596_fdun16
15597  ./data/map//15597_f_shiren1
15598  ./data/map//15598_f_shiren2
15599  ./data/map//15599_kairo
15600  ./data/map//15600_nazo
15800  ./data/map//15800_boss
16500  ./data/map//16500_hokora
16501  ./data/map//16501_A_dungeon
16502  ./data/map//16502_B_dungeon
16503  ./data/map//16503_viking
16504  ./data/map//16504_viking
16505  ./data/map//16505_dangeon
16506  ./data/map//16506_rubi
16507  ./data/map//16507_dun
16508  ./data/map//16508_rubi
16509  ./data/map//16509_rubi
16510  ./data/map//16510_oldcastle
16511  ./data/map//16511_oldcastle
16512  ./data/map//16512_oldcastle
16513  ./data/map//16513_oldcastle
16514  ./data/map//16514_oldcastle
16515  ./data/map//16515_oldcastle
16516  ./data/map//16516_viking
16517  ./data/map//16517_viking
16518  ./data/map//16518_viking
16519  ./data/map//16519_viking
16520  ./data/map//16520_ajito
16521  ./data/map//16521_ajito
20000  ./data/map//20000_cg
20001  ./data/map//20001_gate
20002  ./data/map//20002_gate
20003  ./data/map//20003_gate
20004  ./data/map//20004_cg
20005  ./data/map//20005_cg
20101  ./data/map//20101_towerA
20102  ./data/map//20102_towerA
20103  ./data/map//20103_towerA
20104  ./data/map//20104_towerA
20105  ./data/map//20105_towerA
20106  ./data/map//20106_towerA
20107  ./data/map//20107_towerA
20108  ./data/map//20108_towerA
20109  ./data/map//20109_towerA
20110  ./data/map//20110_towerA
20111  ./data/map//20111_towerA
20112  ./data/map//20112_towerA
20113  ./data/map//20113_towerA
20114  ./data/map//20114_towerA
20115  ./data/map//20115_towerA
20116  ./data/map//20116_towerA
20117  ./data/map//20117_towerA
20118  ./data/map//20118_towerA
20119  ./data/map//20119_towerA
20120  ./data/map//20120_rastboss
20121  ./data/map//20121_rastboss
20150  ./data/map//20150_boss
20151  ./data/map//20151_boss
20152  ./data/map//20152_boss
20153  ./data/map//20153_boss
20154  ./data/map//20154_boss
20155  ./data/map//20155_boss
20156  ./data/map//20156_boss
20157  ./data/map//20157_boss
20158  ./data/map//20158_boss
20159  ./data/map//20159_boss
20160  ./data/map//20160_boss
20161  ./data/map//20161_boss
20162  ./data/map//20162_boss
20163  ./data/map//20163_boss
20164  ./data/map//20164_boss
20165  ./data/map//20165_boss
20166  ./data/map//20166_boss
20167  ./data/map//20167_boss
20168  ./data/map//20168_boss
20169  ./data/map//20169_boss
20199  ./data/map//20199_towerA
20301  ./data/map//20301_towerB
20302  ./data/map//20302_towerB
20303  ./data/map//20303_towerB
20304  ./data/map//20304_towerB
20305  ./data/map//20305_towerB
20306  ./data/map//20306_towerB
20307  ./data/map//20307_towerB
20308  ./data/map//20308_towerB
20309  ./data/map//20309_towerB
20310  ./data/map//20310_towerB
20414  ./data/map//20414_towerC
20428  ./data/map//20428_towerC
20429  ./data/map//20429_towerC
20501  ./data/map//20501_towerC
20502  ./data/map//20502_towerC
20503  ./data/map//20503_towerC
20504  ./data/map//20504_towerC
20505  ./data/map//20505_towerC
20506  ./data/map//20506_towerC
20507  ./data/map//20507_towerC
20508  ./data/map//20508_towerC
20509  ./data/map//20509_towerC
20510  ./data/map//20510_towerC
20511  ./data/map//20511_towerC
20512  ./data/map//20512_towerC
20513  ./data/map//20513_towerC
20514  ./data/map//20514_towerC
20515  ./data/map//20515_towerC
20516  ./data/map//20516_towerC
20517  ./data/map//20517_towerC
20518  ./data/map//20518_towerC
20519  ./data/map//20519_towerC
20520  ./data/map//20520_towerC
20521  ./data/map//20521_towerC
20522  ./data/map//20522_towerC
20524  ./data/map//20524_towerC
20525  ./data/map//20525_towerC
20526  ./data/map//20526_towerC
20527  ./data/map//20527_towerC
20530  ./data/map//20530_towerC
21000  ./data/map//21000_warehouse
21001  ./data/map//21001_warehouse
21002  ./data/map//21002_warehouse
21003  ./data/map//21003_warehouse
21004  ./data/map//21004_warehouse
21005  ./data/map//21005_bigroom
21006  ./data/map//21006_mirrorroom
21007  ./data/map//21007_bigroom
21008  ./data/map//21008_bigroom2f
21009  ./data/map//21009mirrorroom2f
21010  ./data/map//21010_bigroom3f
21011  ./data/map//21011_mirrorroom
21012  ./data/map//21012_bigroom2f
21013  ./data/map//21013_bigroom
21014  ./data/map//21014_ninjayasiki-1f
21015  ./data/map//21015_ninjaroom-a
21016  ./data/map//21016_ninjaroom-b
21017  ./data/map//21017_ninjayasiki-2f
21018  ./data/map//21018_ninjayasiki-2f
21019  ./data/map//21019_ninjayasiki-3f
21020  ./data/map//21020_ninjayasiki-3F
21021  ./data/map//21021_ninjayasiki-exit
21022  ./data/map//21022_ninjayasiki-B1
21023  ./data/map//21023_ido
21024  ./data/map//21024_ido
21025  ./data/map//21025_ido
21050  ./data/map//21050_ninjahill
21051  ./data/map//21051_ninjaroad
21500  ./data/map//21500_rouya
21501  ./data/map//21501_room
21502  ./data/map//21502_takara
222  ./data/map//222_ukrum
23000  ./data/map//23000_raurence
23001  ./data/map//23001_raurence
23002  ./data/map//23002_raurence
23003  ./data/map//23003_raurence
23500  ./data/map//23500_simitu
23501  ./data/map//23501_simitu
23600  ./data/map//23600_kakutou
23601  ./data/map//23601_kakutou
23603  ./data/map//23603_kakutou
23604  ./data/map//23604_kakutou
23605  ./data/map//23605_kakutou
23606  ./data/map//23606_kakutou
23607  ./data/map//23607_kakutou
24000  ./data/map//24000_shrine
24001  ./data/map//24001_shrine
24002  ./data/map//24002_shrine
24003  ./data/map//24003_shrine
24004  ./data/map//24004_shrine
24005  ./data/map//24005_shrine
24006  ./data/map//24006_shrine
24007  ./data/map//24007_shrine
24008  ./data/map//24008_undertower
24009  ./data/map//24009_undertower
24010  ./data/map//24010_undertower
24011  ./data/map//24011_undertower
24012  ./data/map//24012_undertower
24013  ./data/map//24013_undertower
24014  ./data/map//24014_undertower
24015  ./data/map//24015_undertower
24016  ./data/map//24016_undertower
24017  ./data/map//24017_undertower
24018  ./data/map//24018_boss
24019  ./data/map//24019_undertower
24020  ./data/map//24020_undertower
24021  ./data/map//24021_undertower
24022  ./data/map//24022_undertower
24023  ./data/map//24023_undertower
24024  ./data/map//24024_undertower
24025  ./data/map//24025_undertower
24026  ./data/map//24026_undertower
24027  ./data/map//24027_undertower
24028  ./data/map//24028_boss
24029  ./data/map//24029_undertower
24030  ./data/map//24030_undertower
24031  ./data/map//24031_undertower
24032  ./data/map//24032_undertower
24033  ./data/map//24033_undertower
24034  ./data/map//24034_undertower
24035  ./data/map//24035_undertower
24036  ./data/map//24036_undertower
24037  ./data/map//24037_undertower
24038  ./data/map//24038_boss
24039  ./data/map//24039_undertower
24040  ./data/map//24040_undertower
24041  ./data/map//24041_undertower
24042  ./data/map//24042_undertower
24043  ./data/map//24043_undertower
24044  ./data/map//24044_undertower
24045  ./data/map//24045_undertower
24046  ./data/map//24046_undertower
24047  ./data/map//24047_undertower
24048  ./data/map//24048_boss
24049  ./data/map//24049_undertower
24050  ./data/map//24050_undertower
24051  ./data/map//24051_undertower
24052  ./data/map//24052_undertower
24053  ./data/map//24053_undertower
24054  ./data/map//24054_undertower
24055  ./data/map//24055_undertower
24056  ./data/map//24056_undertower
24057  ./data/map//24057_undertower
24058  ./data/map//24058_boss
24059  ./data/map//24059_undertower
24060  ./data/map//24060_undertower
24061  ./data/map//24061_undertower
24062  ./data/map//24062_undertower
24063  ./data/map//24063_undertower
24064  ./data/map//24064_undertower
24065  ./data/map//24065_undertower
24066  ./data/map//24066_undertower
24067  ./data/map//24067_undertower
24068  ./data/map//24068_boss
24069  ./data/map//24069_boss
24070  ./data/map//24070_boss
24071  ./data/map//24071_boss
24072  ./data/map//24072_boss
24073  ./data/map//24073_boss
24074  ./data/map//24074_boss
30001  ./data/map//30001_Dewitt
30002  ./data/map//30002_Jerome
30010  ./data/map//30010_Arnoman
30011  ./data/map//30011_Neville
30012  ./data/map//30012_Clair
30013  ./data/map//30013_morton
30014  ./data/map//30014_Leona
30017  ./data/map//30017_Eugenia
30101  ./data/map//30101_acsessry
30102  ./data/map//30102_bank
30103  ./data/map//30103_bougu
30104  ./data/map//30104_buki
30105  ./data/map//30105_hospital
30106  ./data/map//30106_everywhere
30107  ./data/map//30107_magic
30108  ./data/map//30108_material-shop
30109  ./data/map//30109_cloth
30110  ./data/map//30110_hotel
30111  ./data/map//30111_hotel2F
30112  ./data/map//30112_store
30113  ./data/map//30113_pub
30114  ./data/map//30114_exhibition
30115  ./data/map//30115_soldier
30116  ./data/map//30116_tong
30117  ./data/map//30117_tong
30118  ./data/map//30118_tong
30121  ./data/map//30121_room1
30122  ./data/map//30122_room2
30123  ./data/map//30123_room3
30124  ./data/map//30124_room4
30125  ./data/map//30125_room5
30126  ./data/map//30126_bigroom
30127  ./data/map//30127_bigroom2F
30128  ./data/map//30128_room6
30130  ./data/map//30130_wedding
30131  ./data/map//30131_church
30132  ./data/map//30132_churchroom
30133  ./data/map//30133_churchroom
30134  ./data/map//30134_churchway
30135  ./data/map//30135_churchroom
30136  ./data/map//30136_venue
30149  ./data/map//30149_connect
30180  ./data/map//30180_treasure
30181  ./data/map//30181_treasure
30190  ./data/map//30190_mathroom
30191  ./data/map//30191_mathroom
30192  ./data/map//30192_mathmind
30193  ./data/map//30193_mathmaind
30195  ./data/map//30195_memorial
30196  ./data/map//30196_room
30197  ./data/map//30197_room
30198  ./data/map//30198_room
30199  ./data/map//30199_trans
30201  ./data/map//30201_sontyo
30202  ./data/map//30202_room
30203  ./data/map//30203_gateroom
30204  ./data/map//30204_hospital
30205  ./data/map//30205_soubi
30206  ./data/map//30206_pub
30211  ./data/map//30211_room0
30212  ./data/map//30212_room1
30213  ./data/map//30213_room2
30214  ./data/map//30214_station
30220  ./data/map//30220_marketE
30221  ./data/map//30221_market0
30222  ./data/map//30222_market1
30223  ./data/map//30223_market2
30224  ./data/map//30224_market3
30225  ./data/map//30225_market4
30255  ./data/map//30255_ship
30256  ./data/map//30256_ship
30257  ./data/map//30257_ship
30258  ./data/map//30258_ship
30259  ./data/map//30259_port
30261  ./data/map//30261_hospital
30262  ./data/map//30262_hospitalB1
30263  ./data/map//30263_store
30264  ./data/map//30264_room
30265  ./data/map//30265_doctoroom
30266  ./data/map//30266_sontyo
30267  ./data/map//30267_sontyoB1
30268  ./data/map//30268_gateroom
30270  ./data/map//30270_pub
30271  ./data/map//30271_pubroom
30272  ./data/map//30272_pubroom1
30273  ./data/map//30273_pubroom2
30274  ./data/map//30274_pubroom3
30301  ./data/map//30301_hospital
30302  ./data/map//30302_hospital2F
30303  ./data/map//30303_soubi
30304  ./data/map//30304_pub
30307  ./data/map//30307_room
30308  ./data/map//30308_room1
30309  ./data/map//30309_room2
30311  ./data/map//30311_sontyo
30312  ./data/map//30312_sontyo
30313  ./data/map//30313_gateroom
30314  ./data/map//30314_timeE
30315  ./data/map//30315_timeB
30316  ./data/map//30316_sontyo
30317  ./data/map//30317_sontyo
30318  ./data/map//30318_gateroom
30319  ./data/map//30319_timeE
30320  ./data/map//30320_timeB
30326  ./data/map//30326_warp
30327  ./data/map//30327_warp
30328  ./data/map//30328_warp
30329  ./data/map//30329_warp
30331  ./data/map//30331_hospital
30332  ./data/map//30332_sontyo
30333  ./data/map//30333_gateroom
30334  ./data/map//30334_pub
30335  ./data/map//30335_soubi
30340  ./data/map//30340_room
30341  ./data/map//30341_room
30358  ./data/map//30358_room
30359  ./data/map//30359_room
31918  ./data/map//31918_room
31919  ./data/map//31919_room
31920  ./data/map//31920_pub
31954  ./data/map//31954_field2
32001  ./data/map//32001_classroom1
32002  ./data/map//32002_buki
32003  ./data/map//32003_city1
32004  ./data/map//32004_field
32005  ./data/map//32005_city2
32006  ./data/map//32006_hospitalW
32007  ./data/map//32007_city3a
32008  ./data/map//32008_city3
32009  ./data/map//32009_city4
32010  ./data/map//32010_hotel1F
32011  ./data/map//32011_hotel2F
32012  ./data/map//32012_classroom2
32013  ./data/map//32013_classroom3
32014  ./data/map//32014_traincenter
32016  ./data/map//32016_Camp
32017  ./data/map//32017_GhostRoad
32018  ./data/map//32018_SeRoad
32019  ./data/map//32019_SeRoom1F
32020  ./data/map//32020_SeRoomB1
32021  ./data/map//32021_SeAfter
32022  ./data/map//32022_PalaceB1
32023  ./data/map//32023_Palace1F
32024  ./data/map//32024_Palace2F
32025  ./data/map//32025_Palace3F
32026  ./data/map//32026_Garden
32027  ./data/map//32027_Cellar1
32028  ./data/map//32028_Cellar2
32029  ./data/map//32029_Cellar3
32030  ./data/map//32030_Boxroom
32031  ./data/map//32031_Studio
32032  ./data/map//32032_CellarInRuins
32034  ./data/map//32034_TownUp
32035  ./data/map//32035_TownDown
32036  ./data/map//32036_Cellar
32037  ./data/map//32037_Cellar
32038  ./data/map//32038_Remember
32039  ./data/map//32039_Room
32040  ./data/map//32040_Room
32041  ./data/map//32041_Inn
32042  ./data/map//32042_Inn
32043  ./data/map//32043_Shop
32044  ./data/map//32044_Room
32045  ./data/map//32045_Break
32046  ./data/map//32046_King
32047  ./data/map//32047_laboratory
32048  ./data/map//32048_laboratory
32049  ./data/map//32049_laboratory
32050  ./data/map//32050_smallship
32051  ./data/map//32051_smallship
32052  ./data/map//32052_tower
32053  ./data/map//32053_islandport
32054  ./data/map//32054_woodmaze
32055  ./data/map//32055_altar
32056  ./data/map//32056_altar
32057  ./data/map//32057_altar
32058  ./data/map//32058_secret
32059  ./data/map//32059_passroom
32060  ./data/map//32060_boss
32061  ./data/map//32061_boss
32062  ./data/map//32062_nooneisland
32063  ./data/map//32063_largeexhibition
32064  ./data/map//32064_indabiheart
32065  ./data/map//32065_largeexhibition
32066  ./data/map//32066_bighopuse
32067  ./data/map//32067_seroom
32068  ./data/map//32068_remember1
32069  ./data/map//32069_remember2
32070  ./data/map//32070_remember3
32071  ./data/map//32071_remember4
32072  ./data/map//32072_remember5
32073  ./data/map//32073_remember6
32074  ./data/map//32074_remember7
32075  ./data/map//32075_remember8
32076  ./data/map//32076_remember9
32077  ./data/map//32077_remember10
32078  ./data/map//32078_remember11
32100  ./data/map//32100_race500
32101  ./data/map//32101_viking
32102  ./data/map//32102_viking
32103  ./data/map//32103_viking
32130  ./data/map//32130_everywhere
32131  ./data/map//32131_marketE
32132  ./data/map//32132_market4
32133  ./data/map//32133_market3
32134  ./data/map//32134_caveW
32195  ./data/map//32195_SANDTOWER
32196  ./data/map//32196_SANDTOWER
32197  ./data/map//32197_viking
32198  ./data/map//32198_viking
32199  ./data/map//32199_viking
32200  ./data/map//32200_land1
32201  ./data/map//32201_land
32202  ./data/map//32202_land3
32203  ./data/map//32203_coral
32204  ./data/map//32204_tougi
32205  ./data/map//32205_city
32206  ./data/map//32206_rest
32207  ./data/map//32207_room1
32208  ./data/map//32208_robi
32209  ./data/map//32209_church
32210  ./data/map//32210_b1
32211  ./data/map//32211_2F
32212  ./data/map//32212_room
32213  ./data/map//32213_room
32214  ./data/map//32214_hall
32215  ./data/map//32215_queen
32216  ./data/map//32216_COLOR
32217  ./data/map//32217_COLOR
32218  ./data/map//32218_caveAL
32219  ./data/map//32219_caveAB
32220  ./data/map//32220_caveAR
32221  ./data/map//32221_caveBL
32222  ./data/map//32222_caveBL2
32223  ./data/map//32223_caveBB
32224  ./data/map//32224_caveBR2
32225  ./data/map//32225_caveBR
32226  ./data/map//32226_ice
32227  ./data/map//32227_ice
32228  ./data/map//32228_SANDTOWER
32229  ./data/map//32229_SANDTOWER
32230  ./data/map//32230_FIREROOM
32231  ./data/map//32231_FIREROOM
32232  ./data/map//32232_MUZ
32233  ./data/map//32233_MUZ
32239  ./data/map//32239_church_run
32240  ./data/map//32240_Neville_fight
32241  ./data/map//32241_Neville_one
32242  ./data/map//32242_Neville_two
32243  ./data/map//32243_yadinroom
32244  ./data/map//32244_downroom
32245  ./data/map//32245_dilao
32246  ./data/map//32246_dilao_fight
32247  ./data/map//32247_dilao_tell
32248  ./data/map//32248_dilao_one
32249  ./data/map//32249_dilao_two
32250  ./data/map//32250_tutor2
32251  ./data/map//32251_Groom
32252  ./data/map//32252_Groom2
32253  ./data/map//32253_Groom3
32254  ./data/map//32254_Candy_room
32255  ./data/map//32255_Candy_room2
32256  ./data/map//32256_Candy_room3
32259  ./data/map//32259_newclass
32260  ./data/map//32260_areaclassroom
32261  ./data/map//32261_fightclassroom
32262  ./data/map//32262cloth
32263  ./data/map//32263_saidan
32264  ./data/map//32264_saidan
32265  ./data/map//32265_Omar_RankD
32266  ./data/map//32266_Omar_Depository
32269  ./data/map//32269_Omar_RanKA_Arena
32270  ./data/map//32270
32271  ./data/map//32271
32272  ./data/map//32272
32296  ./data/map//32296_redpoint
32298  ./data/map//32298_SurprisePary
32299  ./data/map//32299_ACCESSORYroom
32326  ./data/map//32326_garden
32327  ./data/map//32327_cave
32328  ./data/map//32328dunguon-2
32329  ./data/map//32329_cave
32330  ./data/map//32330_warehouse
32331  ./data/map//32331_warehouseB1
32332  ./data/map//32332_warehouseB2
32333  ./data/map//32333_warehouseB3
32334  ./data/map//32334_warehouseB4
32335  ./data/map//32335_Boss1
32336  ./data/map//32336_Boss2
32337  ./data/map//32337_kain0526
32338  ./data/map//32338_kainbar
32339  ./data/map//32339_PrivyChamber
32340  ./data/map//32340_finalroom
32341  ./data/map//32341_Cave
32342  ./data/map//32342_SnowSakura
32343  ./data/map//32343_SnowTutelary
32344  ./data/map//32344_SnowSakura
32345  ./data/map//32345_room
32346  ./data/map//32346_moonFas_04
32347  ./data/map//32347_Moon_viproom
32348  ./data/map//32348_wangboss_room
32349  ./data/map//32349_BBQpark
32350  ./data/map//32350_undergrave
32351  ./data/map//32351_changeparty
32352  ./data/map//32352_eatgod
32353  ./data/map//32353_Bay_of_moon
32354  ./data/map//32354_workhouse
32357  ./data/map//32357_Gm_red_packet
32358  ./data/map//32358_fightking
32359  ./data/map//32359_catchpet
32360  ./data/map//32360_questionhell0
32361  ./data/map//32361_questionhell1
32362  ./data/map//32362_questionhell2
32363  ./data/map//32363_questionhell3
32364  ./data/map//32364_questionhell4
32365  ./data/map//32365_questionhell5
32366  ./data/map//32366_questionhell6
32367  ./data/map//32367_questionhell7
32368  ./data/map//32368_questionhell8
32369  ./data/map//32369_questionhell9
32370  ./data/map//32370_questionhell10
32371  ./data/map//32371_questionhell11
32372  ./data/map//32372_questionhell12
32373  ./data/map//32373_questionhell13
32374  ./data/map//32374_questionhell14
32375  ./data/map//32375_questionhell15
32376  ./data/map//32376_questionhell16
32377  ./data/map//32377_questionhell17
32378  ./data/map//32378_roadhell
32379  ./data/map//32379_roadhell
32380  ./data/map//32380_takehell
32381  ./data/map//32381_takehell
32382  ./data/map//32382_takehell
32383  ./data/map//32383_takehell
32384  ./data/map//32384_gotohell
32385  ./data/map//32385_blackcity
32386  ./data/map//32386_fight_banck
32387  ./data/map//32387_fight_banck2
32388  ./data/map//32388_fight_may
32389  ./data/map//32389_fight_may2
32390  ./data/map//32390_fight_mo
32391  ./data/map//32391_fight_mo2
32392  ./data/map//32392_fight_mei
32393  ./data/map//32393_fight_mei2
32394  ./data/map//32394_fight_luby
32395  ./data/map//32395_fight_luby2
32396  ./data/map//32396_fight_EXcastle
32397  ./data/map//32397_fight_EXDurbar_room
32398  ./data/map//32398_EXroom
32399  ./data/map//32399_EXroom2
32400  ./data/map//32400_cia
32401  ./data/map//32401_cia1
32402  ./data/map//32402_path0_a
32403  ./data/map//32403_path1_a
32404  ./data/map//32404_path2_a
32405  ./data/map//32405_path3_a
32406  ./data/map//32406_path4_a
32407  ./data/map//32407_path5_a
32408  ./data/map//32408_path6_a
32409  ./data/map//32409_boss_a
32412  ./data/map//32412_cover1_a
32413  ./data/map//32413_cover2_a
32414  ./data/map//32414_end1_a
32415  ./data/map//32415_theway_a
32416  ./data/map//32416_theway_b
32420  ./data/map//32420_path0_b
32421  ./data/map//32421_path1_b
32422  ./data/map//32422_path2_b
32423  ./data/map//32423_path3_b
32424  ./data/map//32424_path4_b
32425  ./data/map//32425_path5_b
32426  ./data/map//32426_path6_b
32427  ./data/map//32427_path7_b
32428  ./data/map//32428_boss_b
32429  ./data/map//32429_boss_end1_b
32430  ./data/map//32430_path0_b
32431  ./data/map//32431_room
32432  ./data/map//32432_fatherway_a
32433  ./data/map//32433_fatherway_a
32434  ./data/map//32434_fatherhouse_a
32435  ./data/map//32435_fatherway_b
32436  ./data/map//32436_fatherway_b
32437  ./data/map//32437_fatherhouse_b
32438  ./data/map//32438_churchroom
32439  ./data/map//32439_churchroom
32440  ./data/map//32440_hosroom
32441  ./data/map//32441_cross
32442  ./data/map//32442_ground0
32443  ./data/map//32443_ground1
32444  ./data/map//32444_ground2
32445  ./data/map//32445_ice0
32446  ./data/map//32446_ice1
32447  ./data/map//32447_ice2
32448  ./data/map//32448_fire0
32449  ./data/map//32449_fire1
32450  ./data/map//32450_fire2
32451  ./data/map//32451_wind0
32452  ./data/map//32452_wind1
32453  ./data/map//32453_wind2
32454  ./data/map//32454_venue_ghost
32459  ./data/map//32459_hosroom
32460  ./data/map//32460_hosroom_s
32461  ./data/map//32461_anna0_b
32462  ./data/map//32462_anna1_b
32463  ./data/map//32463_anna2_b
32464  ./data/map//32464_fatherhouse_b
32465  ./data/map//32465_SnowTutelary
32470  ./data/map//32470_moonFas_ok
32501  ./data/map//32501_caveRich
32502  ./data/map//32502_caveRichB
32503  ./data/map//32503_caveRichM
32505  ./data/map//32505_Mortonway
32506  ./data/map//32506_Mortonway
32507  ./data/map//32507_musicB
32508  ./data/map//32508_week
32509  ./data/map//32509_year
32510  ./data/map//32510_celebrate
32511  ./data/map//32511_Leopold
32512  ./data/map//32512_LeopoldB
32513  ./data/map//32513_LeopoldB
32514  ./data/map//32514_LeopoldB
32516  ./data/map//32516_TragicGrave
32521  ./data/map//32521_Zigzag
32522  ./data/map//32522_Zigzag2
32523  ./data/map//32523_Zigzag3
32524  ./data/map//32524_Zigzag4
32531  ./data/map//32531_Balees
32532  ./data/map//32532_BaleesB
32533  ./data/map//32533_BaleesB
32534  ./data/map//32534_BaleesB
32600  ./data/map//32600_julyhalf
32601  ./data/map//32601_julyB1
32602  ./data/map//32602_julyB1
32603  ./data/map//32603_julyB1
32604  ./data/map//32604_julyB2
32605  ./data/map//32605_julyB2
32606  ./data/map//32606_julyB2
32607  ./data/map//32607_julyB3
32608  ./data/map//32608_julyB3
32609  ./data/map//32609_julyB3
32610  ./data/map//32610_julyboss1
32611  ./data/map//32611_julyboss1
32612  ./data/map//32612_julyboss1
32613  ./data/map//32613_julyboss2
32614  ./data/map//32614_julyboss2
32615  ./data/map//32615_julyboss2
32616  ./data/map//32616_julyboss3
32617  ./data/map//32617_julyboss3
32618  ./data/map//32618_julyboss3
32619  ./data/map//32619_dongeon1
32620  ./data/map//32620_dongeon1
32621  ./data/map//32621_dongeon1
32622  ./data/map//32622_dongeon2
32623  ./data/map//32623_dongeon2
32624  ./data/map//32624_dongeon2
32625  ./data/map//32625_dongeon3
32626  ./data/map//32626_dongeon3
32627  ./data/map//32627_dongeon3
32628  ./data/map//32628_dongeon4
32629  ./data/map//32629_Box
32631  ./data/map//32631_julyboss1
32632  ./data/map//32632_julyboss2
32633  ./data/map//32633_julyboss3
32641  ./data/map//32641_1stinsert
32642  ./data/map//32642_valentine1
32643  ./data/map//32643_valentine1
32644  ./data/map//32644_valentine2
32645  ./data/map//32645_valentine3
32646  ./data/map//32646_valentine4
32647  ./data/map//32647_valentine5
32648  ./data/map//32648_antivalen1
32649  ./data/map//32649_antivalen2
32650  ./data/map//32650_antivalen3
32651  ./data/map//32651_antivalen4
32652  ./data/map//32652_antivalen5
32653  ./data/map//32653_antivalen6
32654  ./data/map//32654_antivalen7
32655  ./data/map//32655_crossroad
32656  ./data/map//32656_gardan
32657  ./data/map//32657_headquatrers
32658  ./data/map//32658_headquatrers
32659  ./data/map//32659_cave_m
32660  ./data/map//32660_mine
32661  ./data/map//32661_mine6a
32662  ./data/map//32662_mine6b
32663  ./data/map//32663_mine7a
32664  ./data/map//32664_mine7b
32665  ./data/map//32665_mine7c
32666  ./data/map//32666_mine7d
32667  ./data/map//32667_mine7e
32668  ./data/map//32668_mine7f
32669  ./data/map//32669_mine7g
32670  ./data/map//32670_mine7h
32671  ./data/map//32671_mine7i
32672  ./data/map//32672_mine7j
32673  ./data/map//32673_mineB
32674  ./data/map//32674_mine7k
32675  ./data/map//32675_check0
32676  ./data/map//32676_check1
32677  ./data/map//32677_check2
32678  ./data/map//32678_check1a
32679  ./data/map//32679_gardan
32680  ./data/map//32680_race500_2
32681  ./data/map//32681_checkpoint10
32682  ./data/map//32682_checkpoint21
32683  ./data/map//32683_checkpoint22
32684  ./data/map//32684_checkpoint31
32685  ./data/map//32685_checkpoint32
32686  ./data/map//32686_checkpoint41
32687  ./data/map//32687_checkpoint42
32688  ./data/map//32688_checkpoint51
32689  ./data/map//32689_checkpoint52
32690  ./data/map//32690_relay_race
32691  ./data/map//32691_relay_race
32692  ./data/map//32692_relay_race
32693  ./data/map//32693_relay_race
32694  ./data/map//32694_relay_race
32695  ./data/map//32695_relay_race
32696  ./data/map//32696_relay_race
32697  ./data/map//32697_relay_race
32698  ./data/map//32698_relay_race
32699  ./data/map//32699_Skill
32723  ./data/map//32723
32724  ./data/map//32724
32767  ./data/map//32767_Test
33001  ./data/map//33001
33002  ./data/map//33002_ex_ship
444  ./data/map//444_testfloor
445  ./data/map//445
555  ./data/map//555
56562  ./data/map//56562
56563  ./data/map//56563
59500  ./data/map//59500
59501  ./data/map//59501
59502  ./data/map//59502
59503  ./data/map//59503
59504  ./data/map//59504
59505  ./data/map//59505
59506  ./data/map//59506
59510  ./data/map//59510
59511  ./data/map//59511
59513  ./data/map//59513_oldcity1
59519  ./data/map//59519
59520  ./data/map//59520
59521  ./data/map//59521
59522  ./data/map//59522
59524  ./data/map//59524
59526  ./data/map//59526
59527  ./data/map//59527
59528  ./data/map//59528
59529  ./data/map//59529
59530  ./data/map//59530
59531  ./data/map//59531
59534  ./data/map//59534
59535  ./data/map//59535
59536  ./data/map//59536
59537  ./data/map//59537
59538  ./data/map//59538
59539  ./data/map//59539
59541  ./data/map//59541
59542  ./data/map//59542
59543  ./data/map//59543
59544  ./data/map//59544
59545  ./data/map//59545
59546  ./data/map//59546
59547  ./data/map//59547
59548  ./data/map//59548
59550  ./data/map//59550
59551  ./data/map//59551
59552  ./data/map//59552
59553  ./data/map//59553
59555  ./data/map//59555
59556  ./data/map//59556
59557  ./data/map//59557
59560  ./data/map//59560
59561  ./data/map//59561
59562  ./data/map//59562
59563  ./data/map//59563
59564  ./data/map//59564
59570  ./data/map//59570
59571  ./data/map//59571
59572  ./data/map//59572
59583  ./data/map//59583
59600  ./data/map//59600
59601  ./data/map//59601
59602  ./data/map//59602
59603  ./data/map//59603
59604  ./data/map//59604
59605  ./data/map//59605
59606  ./data/map//59606
59607  ./data/map//59607
59608  ./data/map//59608
59609  ./data/map//59609
59610  ./data/map//59610
59611  ./data/map//59611
59612  ./data/map//59612
59613  ./data/map//59613
59614  ./data/map//59614
59615  ./data/map//59615
59616  ./data/map//59616
59617  ./data/map//59617
59618  ./data/map//59618
59619  ./data/map//59619
59620  ./data/map//59620
59621  ./data/map//59621
59622  ./data/map//59622
59623  ./data/map//59623
59624  ./data/map//59624
59625  ./data/map//59625
59626  ./data/map//59626
59627  ./data/map//59627
59628  ./data/map//59628
59629  ./data/map//59629
59630  ./data/map//59630
59631  ./data/map//59631
59632  ./data/map//59632
59633  ./data/map//59633
59634  ./data/map//59634
59635  ./data/map//59635
59636  ./data/map//59636
59637  ./data/map//59637
59638  ./data/map//59638
59639  ./data/map//59639
59640  ./data/map//59640
59641  ./data/map//59641
59642  ./data/map//59642
59643  ./data/map//59643
59644  ./data/map//59644
59645  ./data/map//59645
59646  ./data/map//59646
59647  ./data/map//59647
59648  ./data/map//59648
59649  ./data/map//59649
59650  ./data/map//59650
59651  ./data/map//59651
59652  ./data/map//59652
59653  ./data/map//59653
59654  ./data/map//59654
59655  ./data/map//59655
59656  ./data/map//59656
59657  ./data/map//59657
59658  ./data/map//59658
59659  ./data/map//59659
59660  ./data/map//59660
59661  ./data/map//59661
59662  ./data/map//59662
59663  ./data/map//59663
59664  ./data/map//59664
59665  ./data/map//59665
59666  ./data/map//59666
59667  ./data/map//59667
59670  ./data/map//59670
59671  ./data/map//59671
59672  ./data/map//59672
59673  ./data/map//59673
59674  ./data/map//59674
59675  ./data/map//59675
59676  ./data/map//59676
59677  ./data/map//59677
59678  ./data/map//59678
59679  ./data/map//59679
59680  ./data/map//59680
59681  ./data/map//59681
59682  ./data/map//59682
59683  ./data/map//59683
59684  ./data/map//59684
59685  ./data/map//59685
59686  ./data/map//59686
59687  ./data/map//59687
59688  ./data/map//59688
59689  ./data/map//59689
59690  ./data/map//59690
59691  ./data/map//59691
59692  ./data/map//59692
59693  ./data/map//59693
59694  ./data/map//59694
59695  ./data/map//59695
59696  ./data/map//59696
59697  ./data/map//59697
59698  ./data/map//59698
59699  ./data/map//59699
59700  ./data/map//59700
59701  ./data/map//59701
59702  ./data/map//59702
59703  ./data/map//59703
59704  ./data/map//59704
59705  ./data/map//59705
59706  ./data/map//59706
59707  ./data/map//59707
59710  ./data/map//59710
59711  ./data/map//59711
59712  ./data/map//59712
59713  ./data/map//59713
59714  ./data/map//59714
59715  ./data/map//59715
59716  ./data/map//59716
59717  ./data/map//59717
59718  ./data/map//59718
59719  ./data/map//59719
59720  ./data/map//59720
59721  ./data/map//59721
59722  ./data/map//59722
59723  ./data/map//59723
59724  ./data/map//59724
59725  ./data/map//59725
59726  ./data/map//59726
59727  ./data/map//59727
59728  ./data/map//59728
59729  ./data/map//59729
59730  ./data/map//59730
59731  ./data/map//59731
59732  ./data/map//59732
59733  ./data/map//59733
59734  ./data/map//59734
59735  ./data/map//59735
59736  ./data/map//59736
59737  ./data/map//59737
59740  ./data/map//59740
59741  ./data/map//59741
59742  ./data/map//59742
59743  ./data/map//59743
59744  ./data/map//59744
59745  ./data/map//59745
59750  ./data/map//59750
59751  ./data/map//59751
59752  ./data/map//59752
59753  ./data/map//59753
59754  ./data/map//59754
59757  ./data/map//59757
59758  ./data/map//59758
59759  ./data/map//59759
59760  ./data/map//59760
59761  ./data/map//59761
59776  ./data/map//59776
59777  ./data/map//59777
59778  ./data/map//59778
59780  ./data/map//59780
59781  ./data/map//59781
59782  ./data/map//59782
59784  ./data/map//59784
59785  ./data/map//59785
59801  ./data/map//59801
59802  ./data/map//59802
59803  ./data/map//59803
59804  ./data/map//59804
59805  ./data/map//59805
59806  ./data/map//59806
59807  ./data/map//59807
59808  ./data/map//59808
59809  ./data/map//59809
59810  ./data/map//59810
59811  ./data/map//59811
59812  ./data/map//59812
59813  ./data/map//59813
59814  ./data/map//59814
59815  ./data/map//59815
59816  ./data/map//59816
59817  ./data/map//59817
59818  ./data/map//59818
59819  ./data/map//59819
59820  ./data/map//59820
59821  ./data/map//59821
59822  ./data/map//59822
59823  ./data/map//59823
59824  ./data/map//59824
59825  ./data/map//59825
59826  ./data/map//59826
59827  ./data/map//59827
59828  ./data/map//59828
59829  ./data/map//59829
59830  ./data/map//59830
59831  ./data/map//59831
59832  ./data/map//59832
59833  ./data/map//59833
59834  ./data/map//59834
59835  ./data/map//59835
59836  ./data/map//59836
59837  ./data/map//59837
59838  ./data/map//59838
59839  ./data/map//59839
59840  ./data/map//59840
59841  ./data/map//59841
59842  ./data/map//59842
59843  ./data/map//59843
59844  ./data/map//59844
59845  ./data/map//59845
59846  ./data/map//59846
59847  ./data/map//59847
59848  ./data/map//59848
59849  ./data/map//59849
59850  ./data/map//59850
59851  ./data/map//59851
59852  ./data/map//59852
59853  ./data/map//59853
59854  ./data/map//59854
59855  ./data/map//59855
59856  ./data/map//59856
59857  ./data/map//59857
59858  ./data/map//59858
59859  ./data/map//59859
59860  ./data/map//59860
59861  ./data/map//59861
59862  ./data/map//59862
59863  ./data/map//59863
59864  ./data/map//59864
59865  ./data/map//59865
59866  ./data/map//59866
59867  ./data/map//59867
59868  ./data/map//59868
59869  ./data/map//59869
59870  ./data/map//59870
59871  ./data/map//59871
59872  ./data/map//59872
59873  ./data/map//59873
59874  ./data/map//59874
59875  ./data/map//59875
59876  ./data/map//59876
59877  ./data/map//59877
59878  ./data/map//59878
59879  ./data/map//59879
59880  ./data/map//59880
59881  ./data/map//59881
59882  ./data/map//59882
59883  ./data/map//59883
59884  ./data/map//59884
59885  ./data/map//59885
59886  ./data/map//59886
59887  ./data/map//59887
59888  ./data/map//59888
59889  ./data/map//59889
59890  ./data/map//59890
59891  ./data/map//59891
59892  ./data/map//59892
59893  ./data/map//59893
59894  ./data/map//59894
59895  ./data/map//59895
59896  ./data/map//59896
59897  ./data/map//59897
59898  ./data/map//59898
59899  ./data/map//59899
59900  ./data/map//59900
59901  ./data/map//59901
59902  ./data/map//59902
59903  ./data/map//59903
59904  ./data/map//59904
59906  ./data/map//59906
59915  ./data/map//59915
59916  ./data/map//59916
59917  ./data/map//59917
59918  ./data/map//59918
59919  ./data/map//59919
59930  ./data/map//59930
59931  ./data/map//59931
59932  ./data/map//59932
59933  ./data/map//59933
59934  ./data/map//59934
59956  ./data/map//59956
59958  ./data/map//59958
59959  ./data/map//59959
59966  ./data/map//59966
59967  ./data/map//59967
59968  ./data/map//59968
59969  ./data/map//59969
59970  ./data/map//59970
59971  ./data/map//59971
59972  ./data/map//59972
59973  ./data/map//59973
59974  ./data/map//59974
59975  ./data/map//59975
59976  ./data/map//59976
59977  ./data/map//59977
59978  ./data/map//59978
59979  ./data/map//59979
59980  ./data/map//59980
59981  ./data/map//59981
59982  ./data/map//59982
59983  ./data/map//59983
59984  ./data/map//59984
59985  ./data/map//59985
59986  ./data/map//59986
59987  ./data/map//59987
59988  ./data/map//59988
59992  ./data/map//59992
59993  ./data/map//59993
59995  ./data/map//59995
59996  ./data/map//59996
59997  ./data/map//59997
59998  ./data/map//59998
59999  ./data/map//59999
666  ./data/map//666
777  ./data/map//777
778  ./data/map//778W
888  ./data/map//888_testfloor
9001  ./data/map//9001
9002  ./data/map//9002
9003  ./data/map//9003
9004  ./data/map//9004
9005  ./data/map//9005
9006  ./data/map//9006
9007  ./data/map//9007
9008  ./data/map//9008
9009  ./data/map//9009
900  ./data/map//900_black
9010  ./data/map//9010
9011  ./data/map//9011
9012  ./data/map//9012
9013  ./data/map//9013
9014  ./data/map//9014
9015  ./data/map//9015
9016  ./data/map//9016
9017  ./data/map//9017
9018  ./data/map//9018
9019  ./data/map//9019
9020  ./data/map//9020
9021  ./data/map//9021
9022  ./data/map//9022
9023  ./data/map//9023
9024  ./data/map//9024
9025  ./data/map//9025
9026  ./data/map//9026
9027  ./data/map//9027
9028  ./data/map//9028
9029  ./data/map//9029
9030  ./data/map//9030
9031  ./data/map//9031
9032  ./data/map//9032
9033  ./data/map//9033
9034  ./data/map//9034
9035  ./data/map//9035
9036  ./data/map//9036
9037  ./data/map//9037
9038  ./data/map//9038
9039  ./data/map//9039
9040  ./data/map//9040
9041  ./data/map//9041
9042  ./data/map//9042
9043  ./data/map//9043
9044  ./data/map//9044
9045  ./data/map//9045
9046  ./data/map//9046
9047  ./data/map//9047
9048  ./data/map//9048
9049  ./data/map//9049
9050  ./data/map//9050
9051  ./data/map//9051
9052  ./data/map//9052
9053  ./data/map//9053
9054  ./data/map//9054
9055  ./data/map//9055
9056  ./data/map//9056
9057  ./data/map//9057
9058  ./data/map//9058
9059  ./data/map//9059
9060  ./data/map//9060
9061  ./data/map//9061
9062  ./data/map//9062
9063  ./data/map//9063
9064  ./data/map//9064
9065  ./data/map//9065
9066  ./data/map//9066
9067  ./data/map//9067
9068  ./data/map//9068
9069  ./data/map//9069
9070  ./data/map//9070
9071  ./data/map//9071
9072  ./data/map//9072
9073  ./data/map//9073
9074  ./data/map//9074
9075  ./data/map//9075
9076  ./data/map//9076
9077  ./data/map//9077
9078  ./data/map//9078
9079  ./data/map//9079
9080  ./data/map//9080
9081  ./data/map//9081
9082  ./data/map//9082
9083  ./data/map//9083
9084  ./data/map//9084
9085  ./data/map//9085
9086  ./data/map//9086
9087  ./data/map//9087
9088  ./data/map//9088
9089  ./data/map//9089
9090  ./data/map//9090
9091  ./data/map//9091
9092  ./data/map//9092
9093  ./data/map//9093
9094  ./data/map//9094
9095  ./data/map//9095
9096  ./data/map//9096
9097  ./data/map//9097
9098  ./data/map//9098
9099  ./data/map//9099
9100  ./data/map//9100
9101  ./data/map//9101
9102  ./data/map//9102
9103  ./data/map//9103
9104  ./data/map//9104
9105  ./data/map//9105
9106  ./data/map//9106
9107  ./data/map//9107
9108  ./data/map//9108
9109  ./data/map//9109
9110  ./data/map//9110
9111  ./data/map//9111
9112  ./data/map//9112
9113  ./data/map//9113
999  ./data/map//999_testfloor
33620  ./data/map//CG2_33620_boss1
43000  ./data/map//CG2_43000_kurukusu
43100  ./data/map//CG2_43100_coral
43110  ./data/map//CG2_43110_hos
43115  ./data/map//CG2_43115_mahou
43125  ./data/map//CG2_43125_ginkou
43130  ./data/map//CG2_43130_pub
43131  ./data/map//CG2_43131_tougi
43135  ./data/map//CG2_43135_pub
43140  ./data/map//CG2_43140_bighome
43141  ./data/map//CG2_43141_bighome
43145  ./data/map//CG2_43145_pet
43150  ./data/map//CG2_43150_heisya
43151  ./data/map//CG2_43151_heisya
43152  ./data/map//CG2_43152_heisya
43153  ./data/map//CG2_43153_heisya
43154  ./data/map//CG2_43154_heisya
43160  ./data/map//cg2_43160_koubou
43165  ./data/map//CG2_43165_zakka
43169  ./data/map//CG2_43169_room
43170  ./data/map//CG2_43170_room
43171  ./data/map//CG2_43171_room
43172  ./data/map//CG2_43172_room
43173  ./data/map//CG2_43173_room
43174  ./data/map//CG2_43174_room
43175  ./data/map//CG2_43175_yado
43178  ./data/map//CG2_43178_room
43179  ./data/map//CG2_43179_room
43180  ./data/map//CG2_43180_room
43181  ./data/map//CG2_43181_room
43182  ./data/map//CG2_43182_room
43183  ./data/map//CG2_43183_school
43184  ./data/map//CG2_43184_school
43185  ./data/map//CG2_43185_room
43186  ./data/map//CG2_43186_room
43187  ./data/map//CG2_43187_room
43188  ./data/map//CG2_43188_room
43189  ./data/map//CG2_43189_room
43190  ./data/map//CG2_43190_minato
43191  ./data/map//CG2_43191_garusira1
43192  ./data/map//CG2_43192_garusira2
43193  ./data/map//CG2_43193_garusira3
43200  ./data/map//CG2_43200_white
43210  ./data/map//CG2_43210_white
43211  ./data/map//CG2_43211_white
43212  ./data/map//CG2_43212_white
43213  ./data/map//CG2_43213_white
43214  ./data/map//CG2_43214_white
43215  ./data/map//CG2_43215_white
43216  ./data/map//CG2_43216_white
43217  ./data/map//CG2_43217_white
43218  ./data/map//CG2_43218_white
43219  ./data/map//CG2_43219_gate
43500  ./data/map//CG2_43500_minoquier
43510  ./data/map//CG2_43510_hos
43520  ./data/map//CG2_43520_zakka
43530  ./data/map//CG2_43530_bar
43540  ./data/map//CG2_43540_sontyou
43541  ./data/map//CG2_43541_sontyou
43570  ./data/map//CG2_43570_room
43571  ./data/map//CG2_43571_room
43572  ./data/map//CG2_43572_room
43573  ./data/map//CG2_43573_yakobu
43574  ./data/map//CG2_43574_minka
43600  ./data/map//CG2_43600_luminous
43610  ./data/map//CG2_43610_hos
43620  ./data/map//CG2_43620_zakka
43630  ./data/map//CG2_43630_bar
43650  ./data/map//CG2_43650_toudai
43670  ./data/map//CG2_43670_room
43671  ./data/map//CG2_43671_room
43675  ./data/map//CG2_43675_choro
43676  ./data/map//CG2_43676_choro
43700  ./data/map//CG2_43700_recter
43710  ./data/map//CG2_43710_hos
43720  ./data/map//CG2_43720_zakka
43721  ./data/map//CG2_43721_zakka2
43722  ./data/map//CG2_43722_zakka3
43730  ./data/map//CG2_43730_choro
43740  ./data/map//CG2_43740_minka
43741  ./data/map//CG2_43741_minka2
43742  ./data/map//CG2_43742_minka3
43743  ./data/map//CG2_43743_minka4
43750  ./data/map//CG2_43750_sinden1
43751  ./data/map//CG2_43751_sinden2
43752  ./data/map//CG2_43752_sinden3
43753  ./data/map//CG2_43753_sinden4
43754  ./data/map//CG2_43754_sinden2kai
43755  ./data/map//CG2_43755_ekken
43756  ./data/map//CG2_43756_seizyo
43757  ./data/map//CG2_43757_seidou
43760  ./data/map//CG2_43760_kouwan
43770  ./data/map//CG2_43770_imusitsu
43771  ./data/map//CG2_43771_byositsu1
43772  ./data/map//CG2_43772_byositsu2
43773  ./data/map//CG2_43773_byositsu3
43774  ./data/map//CG2_43774_hokanko
43775  ./data/map//CG2_43775_hokankoent
43776  ./data/map//CG2_43776_turo
43800  ./data/map//CG2_43800_elf
43810  ./data/map//CG2_43810_elf
43811  ./data/map//CG2_43811_elf
43812  ./data/map//CG2_43812_elf
43813  ./data/map//CG2_43813_elf
43814  ./data/map//CG2_43814_elf
43815  ./data/map//CG2_43815_elf
43820  ./data/map//CG2_43820_sinkai1
43821  ./data/map//CG2_43821_sinkai2
43822  ./data/map//CG2_43822_sinkai3
43823  ./data/map//CG2_43823_sinkai4
43824  ./data/map//CG2_43824_sinkai5
43825  ./data/map//CG2_43825_sinkai6
43826  ./data/map//CG2_43826_sinkai7
43830  ./data/map//CG2_43830_boss
43900  ./data/map//CG2_43900_mainy
43910  ./data/map//CG2_43910_hos
43970  ./data/map//CG2_43970_room
43971  ./data/map//CG2_43971_room
43972  ./data/map//CG2_43972_room
43973  ./data/map//CG2_43973_room
43974  ./data/map//CG2_43974_room
43975  ./data/map//CG2_43975_room
43976  ./data/map//CG2_43976_room
43977  ./data/map//CG2_43977_room
43978  ./data/map//CG2_43978_room
43980  ./data/map//CG2_43980_mdun1
43981  ./data/map//CG2_43981_mdun2
43982  ./data/map//CG2_43982_mdun3
43983  ./data/map//CG2_43983_mdun4
44000  ./data/map//CG2_44000_dwaf
44100  ./data/map//CG2_44100_komatoi
45000  ./data/map//CG2_45000_sennin
45001  ./data/map//CG2_45001_sennin
45002  ./data/map//CG2_45002_sennin
45003  ./data/map//CG2_45003_sennin
45004  ./data/map//CG2_45004_sennin
45005  ./data/map//CG2_45005_sennin
45006  ./data/map//CG2_45006_sennin
45007  ./data/map//CG2_45007_sennin
45008  ./data/map//CG2_45008_sennin
45009  ./data/map//CG2_45009_sennin
45010  ./data/map//CG2_45010_sennin
45011  ./data/map//CG2_45011_sennin
45012  ./data/map//CG2_45012_sennin
45013  ./data/map//CG2_45013_coral
45014  ./data/map//CG2_45014_sennin
46000  ./data/map//CG2_46000_souko
46001  ./data/map//CG2_46001_souko
46002  ./data/map//CG2_46002_souko
46003  ./data/map//CG2_46003_souko
46004  ./data/map//CG2_46004_heisya
46005  ./data/map//CG2_46005_coral
46006  ./data/map//CG2_46006_tougi
46007  ./data/map//CG2_46007_tougi
46008  ./data/map//CG2_46008_tougi
46009  ./data/map//CG2_46009_pub
46010  ./data/map//CG2_46010_pastcoral
46011  ./data/map//CG2_46011_pastjail
46012  ./data/map//CG2_46012_heroroom
46013  ./data/map//CG2_46013_mine1
46014  ./data/map//CG2_46014_mine2
46015  ./data/map//CG2_46015_mine3
46016  ./data/map//CG2_46016_arukus1
46017  ./data/map//CG2_46017_arukus2
46018  ./data/map//CG2_46018_arukus3
46019  ./data/map//CG2_46019_arukus4
46020  ./data/map//CG2_46020_arukus5
46021  ./data/map//CG2_46021_arukus3_2
46022  ./data/map//CG2_46022_kyaku1
46023  ./data/map//CG2_46023_kyaku2
46024  ./data/map//CG2_46024_kyaku3
46025  ./data/map//CG2_46025_kyaku4
46026  ./data/map//CG2_46026_night
46027  ./data/map//CG2_46027_entrance
46028  ./data/map//CG2_46028_hikae
46029  ./data/map//CG2_46029_hiroma
46030  ./data/map//CG2_46030_rouka
46031  ./data/map//CG2_46031_room1
46032  ./data/map//CG2_46032_room2
46033  ./data/map//CG2_46033_room3
46034  ./data/map//CG2_46034_room4
46035  ./data/map//CG2_46035_room5
46036  ./data/map//CG2_46036_room6
46037  ./data/map//CG2_46037_room7
46038  ./data/map//CG2_46038_school_ent
46039  ./data/map//CG2_46039_mission1
46040  ./data/map//CG2_46040_mission2
46041  ./data/map//CG2_46041_mission3
46042  ./data/map//CG2_46042_mission4
46043  ./data/map//CG2_46043_mission5
46044  ./data/map//CG2_46044_grad
46045  ./data/map//CG2_46045_ent
46046  ./data/map//CG2_46046_auto
46047  ./data/map//CG2_46047_boss
46048  ./data/map//CG2_46048_boss2
46049  ./data/map//CG2_46049_bossato
46050  ./data/map//CG2_46050_room8
46051  ./data/map//CG2_46051_senso
46052  ./data/map//CG2_46052_kanpan
46053  ./data/map//CG2_46053_asase
46054  ./data/map//CG2_46054_island
46055  ./data/map//CG2_46055_dunent
46056  ./data/map//CG2_46056_lake
46057  ./data/map//CG2_46057_dunexit
46058  ./data/map//CG2_46058_sisomae1
46059  ./data/map//CG2_46059_sisomae1
46060  ./data/map//CG2_46060_sisomae1
46061  ./data/map//CG2_46061_sisomae1
46062  ./data/map//CG2_46062_anten
46063  ./data/map//CG2_46063_haka
46064  ./data/map//CG2_46064_yami
46065  ./data/map//CG2_46065_kanpan
47000  ./data/map//CG2_47000_oyabin
47001  ./data/map//CG2_47001_oyabin
47002  ./data/map//CG2_47002_oyabin
47003  ./data/map//CG2_47003_oyabin
47005  ./data/map//CG2_47005_lemoor_mid
47006  ./data/map//CG2_47006_lemoor_top
47007  ./data/map//CG2_47007_ent
47008  ./data/map//CG2_47008_breeders
47009  ./data/map//CG2_47009_ent
47010  ./data/map//CG2_47010_forest01
47011  ./data/map//CG2_47011_forest02
47012  ./data/map//CG2_47012_camp
47013  ./data/map//CG2_47013_forest03
47014  ./data/map//CG2_47014_forest04
47015  ./data/map//CG2_47015_white
47016  ./data/map//CG2_47016_black
47017  ./data/map//CG2_47017_boss
47018  ./data/map//CG2_47018_boss
47019  ./data/map//CG2_47019_furia
47020  ./data/map//CG2_47020_isi
47021  ./data/map//CG2_47021_akkas
47022  ./data/map//CG2_47022_mizu
47023  ./data/map//CG2_47023_baros
47024  ./data/map//CG2_47024_eda
47025  ./data/map//CG2_47025_meihu
47026  ./data/map//CG2_47026_yado
47027  ./data/map//CG2_47027_yado2
47028  ./data/map//CG2_47028_kuro
47029  ./data/map//CG2_47029_meifu
47030  ./data/map//CG2_47030_forest10
47031  ./data/map//CG2_47031_forest11
47032  ./data/map//CG2_47032_boss
47033  ./data/map//CG2_47033_forest13
48000  ./data/map//CG2_48000_venetia
48001  ./data/map//CG2_48001_venetia
48002  ./data/map//CG2_48002_venetia
48003  ./data/map//CG2_48003_venetia
48004  ./data/map//CG2_48004_venetia
48005  ./data/map//CG2_48005_venetia
48006  ./data/map//CG2_48006_venetia
48007  ./data/map//CG2_48007_venetia
48008  ./data/map//CG2_48008_venetia
48011  ./data/map//CG2_48011_venetia
48012  ./data/map//CG2_48012_venetia
48014  ./data/map//CG2_48014_venetia
48015  ./data/map//CG2_48015_venetia
48016  ./data/map//CG2_48016_venetia
48017  ./data/map//CG2_48017_venetia
48018  ./data/map//CG2_48018_venetia
48019  ./data/map//CG2_48019_venetia
48020  ./data/map//CG2_48020_venetia
48021  ./data/map//CG2_48021_venetia
48022  ./data/map//CG2_48022_venetia
48023  ./data/map//CG2_48023_venetia
48024  ./data/map//CG2_48024_venetia
48025  ./data/map//CG2_48025_kobeya
48026  ./data/map//CG2_48026_kobeya2
49000  ./data/map//CG2_49000_venetia
49001  ./data/map//CG2_49001_venetia
50000  ./data/map//CG2_50000_nosfertus
51000  ./data/map//CG2_51000_kuroent
51001  ./data/map//CG2_51001_kuro
51002  ./data/map//CG2_51002_kuro3
51003  ./data/map//CG2_51003_kuro4
51004  ./data/map//CG2_51004_kuro4
51005  ./data/map//CG2_51005_kuro5
51006  ./data/map//CG2_51006_kuro5boss
51007  ./data/map//CG2_51007_kurob1
51008  ./data/map//CG2_51008_kurob2
51009  ./data/map//CG2_51009_kurob3
51010  ./data/map//CG2_51010_kurob4
51011  ./data/map//CG2_51011_kurob5
51012  ./data/map//CG2_51012_kurob6
51013  ./data/map//CG2_51013_kurob7
51014  ./data/map//CG2_51014_kurob8
51015  ./data/map//CG2_51015_kurob9
51016  ./data/map//CG2_51016_kurob10
51017  ./data/map//CG2_51017_kurob11a
51018  ./data/map//CG2_51018_kurob11b
51100  ./data/map//CG2_51100_gyokuza1
51101  ./data/map//CG2_51101_gyokuza1
51102  ./data/map//CG2_51102_gyokuza1
51103  ./data/map//CG2_51103_gyokuza1
51104  ./data/map//CG2_51104_gyokuza1
58000  ./data/map//CG2_58000_sandglass
58001  ./data/map//CG2_58001_sandglass
32234  ./data/map//ex_32234_toriton
32235  ./data/map//ex_32235_toriton
32236  ./data/map//ex_32236_toriton
33000  ./data/map//ex_33000_minegaru
33100  ./data/map//ex_33100_siro
33101  ./data/map//ex_33101_2kai
33102  ./data/map//ex_33102_room1
33103  ./data/map//ex_33103_room2
33104  ./data/map//ex_33104_room3
33105  ./data/map//ex_33105_room4
33106  ./data/map//ex_33106_room5
33107  ./data/map//ex_33107_room6
33108  ./data/map//ex_33108_king
33110  ./data/map//ex_33110_chika
33111  ./data/map//ex_33111_heisya
33112  ./data/map//ex_33112_takara
33113  ./data/map//ex_33113_chika
33114  ./data/map//ex_33114_reihai
33115  ./data/map//ex_33115_chika
33116  ./data/map//ex_33116_torishirabe
33117  ./data/map//ex_33117_maze
33118  ./data/map//ex_33118_sirochika
33119  ./data/map//ex_33119_sirochika2
33120  ./data/map//ex_33120_sirochika3
33200  ./data/map//ex_33200_akerufa
33201  ./data/map//ex_33201_bar
33202  ./data/map//ex_33202_zaka
33203  ./data/map//ex_33203_buki
33204  ./data/map//ex_33204_bougu
33205  ./data/map//ex_33205_bank
33206  ./data/map//ex_33206_pet
33207  ./data/map//ex_33207_hosp
33208  ./data/map//ex_33208_kou
33209  ./data/map//ex_33209_syuri
33210  ./data/map//ex_33210_kantei
33211  ./data/map//ex_33211_hotel
33212  ./data/map//ex_33212_hosp
33213  ./data/map//ex_33213_magic
33214  ./data/map//ex_33214_kan
33215  ./data/map//ex_33215_kan
33216  ./data/map//ex_33216_kojima
33217  ./data/map//ex_33217_kojima
33218  ./data/map//ex_33218_kojima
33219  ./data/map//ex_33219_kanri
33220  ./data/map//ex_33220_kanri
33221  ./data/map//ex_33221_tougi
33222  ./data/map//ex_33222_geki
33223  ./data/map//ex_33223_mujin
33224  ./data/map//ex_33224_mujin
33225  ./data/map//ex_33225_mujin
33226  ./data/map//ex_33226_mujin
33227  ./data/map//ex_33227_mujin
33228  ./data/map//ex_33228_mujin
33229  ./data/map//ex_33229_mujin
33230  ./data/map//ex_33230_mujin
33231  ./data/map//ex_33231_mujin
33232  ./data/map//ex_33232_be-ta
33233  ./data/map//ex_33233_event
33234  ./data/map//ex_33234_ribaibu
33235  ./data/map//ex_33235_ribaibu
33236  ./data/map//ex_33236_ribaibu
33237  ./data/map//ex_33237_ribaibu
33238  ./data/map//ex_33238_ribaibu
33239  ./data/map//ex_33239_hokan
33240  ./data/map//ex_33240_hokan
33241  ./data/map//ex_33241_hokan
33242  ./data/map//ex_33242_jiken
33243  ./data/map//ex_33243_jiken
33244  ./data/map//ex_33244_jiken
33245  ./data/map//ex_33245_jiken
33246  ./data/map//ex_33246_yamamomo
33247  ./data/map//ex_33247_yamamomo
33248  ./data/map//ex_33248_yamamomo
33249  ./data/map//ex_33249_syoutai
33250  ./data/map//ex_33250_syoutai
33251  ./data/map//ex_33251_hanku
33252  ./data/map//ex_33252_hanku
33253  ./data/map//ex_33253_hanku
33254  ./data/map//ex_33254_machiai
33255  ./data/map//ex_33255_daining
33256  ./data/map//ex_33256_daining
33257  ./data/map//ex_33257_daining
33258  ./data/map//ex_33258_daining
33259  ./data/map//ex_33259_daining
33260  ./data/map//ex_33260_shiproom
33261  ./data/map//ex_33261_shiproom
33262  ./data/map//ex_33262_shiproom
33263  ./data/map//ex_33263_odoriba
33264  ./data/map//ex_33264_shiproom
33265  ./data/map//ex_33265_ship
33266  ./data/map//ex_33266_shiproom
33267  ./data/map//ex_33267_shiproom
33268  ./data/map//ex_33268_shiproom
33269  ./data/map//ex_33269_shiproom
33270  ./data/map//ex_33270_shiproom
33271  ./data/map//ex_33271_shiproom
33272  ./data/map//ex_33272_shiproom
33273  ./data/map//ex_33273_shiproom
33274  ./data/map//ex_33274_shiproom
33275  ./data/map//ex_33275_shiproom
33276  ./data/map//ex_33276_shiproom
33277  ./data/map//ex_33277_shiproom
33278  ./data/map//ex_33278_shiproom
33279  ./data/map//ex_33279_shiproom
33280  ./data/map//ex_33280_ship
33281  ./data/map//ex_33281_ship
33282  ./data/map//ex_33282_shiproom
33283  ./data/map//ex_33283_minka
33284  ./data/map//ex_33284_minka
33285  ./data/map//ex_33285_minka
33286  ./data/map//ex_33286_minka
33287  ./data/map//ex_33287_minka
33288  ./data/map//ex_33288_minka
33289  ./data/map//ex_33289_minka
33290  ./data/map//ex_33290_minka
33291  ./data/map//ex_33291_minka
33292  ./data/map//ex_33292_minka
33293  ./data/map//ex_33293_shiproom
33294  ./data/map//ex_33294_shiproom
33295  ./data/map//ex_33295_shiproom
33296  ./data/map//ex_33296_ship
33297  ./data/map//ex_33297_minka
33298  ./data/map//ex_33298_minegaru
33299  ./data/map//ex_33299_minka
33500  ./data/map//ex_33500_kannabera
33501  ./data/map//ex_33501_minka
33502  ./data/map//ex_33502_minka
33503  ./data/map//ex_33503_minka
33504  ./data/map//ex_33504_minka
33505  ./data/map//ex_33505_minka
33506  ./data/map//ex_33506_minka
33507  ./data/map//ex_33507_minka
33508  ./data/map//ex_33508_minka
33509  ./data/map//ex_33509_minka
33510  ./data/map//ex_33510_chourou
33511  ./data/map//ex_33511_bar
33512  ./data/map//ex_33512_buki
33513  ./data/map//ex_33513_bougu
33514  ./data/map//ex_33514_mahou
33515  ./data/map//ex_33515_byouin
33516  ./data/map//ex_33516_byouin
33517  ./data/map//ex_33517_kan
33600  ./data/map//ex_33600_iseki
33601  ./data/map//ex_33601_iseki
33602  ./data/map//ex_33602_iseki
33603  ./data/map//ex_33603_iseki
33604  ./data/map//ex_33604_iseki
33605  ./data/map//ex_33605_iseki
33606  ./data/map//ex_33606_iseki
33607  ./data/map//ex_33607_iseki
33608  ./data/map//ex_33608_iseki
33609  ./data/map//ex_33609_boss1
33610  ./data/map//ex_33610_boss2
34000  ./data/map//ex_34000_tuuro
34001  ./data/map//ex_34001_tuuro
34002  ./data/map//ex_34002_tuuro
34003  ./data/map//ex_34003_tuuro
34004  ./data/map//ex_34004_tokiwa
34005  ./data/map//ex_34005_wadatumi
34006  ./data/map//ex_34006_enkei
34007  ./data/map//ex_34007_enkei
34008  ./data/map//ex_34008_taizyu
34009  ./data/map//ex_34009_taizyu
34010  ./data/map//ex_34010_taizyu
34011  ./data/map//ex_34011_taizyu
34012  ./data/map//ex_34012_taizyu
34013  ./data/map//ex_34013_kaikyo01
34014  ./data/map//ex_34014_kaikyo02
34015  ./data/map//ex_34015_kaikyo03
34016  ./data/map//ex_34016_hina
34017  ./data/map//ex_34017_taijuchika1
34018  ./data/map//ex_34018_taijuchika2
34019  ./data/map//ex_34019_ana
34020  ./data/map//ex_34020_ana2
34021  ./data/map//ex_34021_ana3
34022  ./data/map//ex_34022_ana4
34023  ./data/map//ex_34023_ana5
34024  ./data/map//ex_34024_boss
35000  ./data/map//ex_35000_isekient
35001  ./data/map//ex_35001_midboss1
35002  ./data/map//ex_35002_midboss2
35003  ./data/map//ex_35003_lab
35004  ./data/map//ex_35004_sakura
35005  ./data/map//ex_35005_ume
35006  ./data/map//ex_35006_yamabuki
35007  ./data/map//ex_35007_anim
35008  ./data/map//ex_35008_boss1
35009  ./data/map//ex_35009_boss1
35010  ./data/map//ex_35010_clear1
35011  ./data/map//ex_35011_clear2
36001  ./data/map//ex_36001_bran_mid
36002  ./data/map//ex_36002_bran_top
36003  ./data/map//ex_36003_ent
37000  ./data/map//ex_37000_perikan1
37001  ./data/map//ex_37001_perikan2
37002  ./data/map//ex_37002_aji-ent1
37003  ./data/map//ex_37003_aji-ent2
37004  ./data/map//ex_37004_okasira1
37005  ./data/map//ex_37005_okasira2
37006  ./data/map//ex_37006_kururu
37008  ./data/map//ex_37008_kohan
37009  ./data/map//ex_37009_jail01
37010  ./data/map//ex_37010_jail02
40000  ./data/map//ex_40000_sanbasi
40001  ./data/map//ex_40001_sanbasi
40002  ./data/map//ex_40002_sanbasi
40003  ./data/map//ex_40003_sanbasi
40004  ./data/map//ex_40004_sanbasi
40005  ./data/map//ex_40005_sanbasi
40006  ./data/map//ex_40006_sanbasi
40007  ./data/map//ex_40007_sanbasi
41000  ./data/map//ex_41000_ship
41001  ./data/map//ex_41001_ship
41002  ./data/map//ex_41002_ship
41003  ./data/map//ex_41003_shiproom
41004  ./data/map//ex_41004_shiproom
41005  ./data/map//ex_41005_shiproom
41006  ./data/map//ex_41006_shiproom
41007  ./data/map//ex_41007_shiproom
41008  ./data/map//ex_41008_shiproom
41009  ./data/map//ex_41009_ship
41010  ./data/map//ex_41010_ship
41011  ./data/map//ex_41011_ship
41012  ./data/map//ex_41012_shiproom
41013  ./data/map//ex_41013_shiproom
41014  ./data/map//ex_41014_ship
41015  ./data/map//ex_41015_ship
41016  ./data/map//ex_41016_ship
41017  ./data/map//ex_41017_shiproom
41018  ./data/map//ex_41018_shiproom
41019  ./data/map//ex_41019_toriton
41020  ./data/map//ex_41020_toriton
41021  ./data/map//ex_41021_toriton
41022  ./data/map//ex_41022_taitania
41023  ./data/map//ex_41023_taitania
41024  ./data/map//ex_41024_taitania
41025  ./data/map//ex_41025_taitania
41026  ./data/map//ex_41026_taitania
41027  ./data/map//ex_41027_toriton
41028  ./data/map//ex_41028_taitania
41029  ./data/map//ex_41029_arasi
59000  ./data/map//ex_59000_sanbasi
59001  ./data/map//ex_59001_sanbasi
59100  ./data/map//ex_59100_ship
59101  ./data/map//ex_59101_ship
59102  ./data/map//ex_59102_ship
59103  ./data/map//ex_59103_shiproom
59104  ./data/map//ex_59104_shiproom
59105  ./data/map//ex_59105_shiproom
59106  ./data/map//ex_59106_shiproom
59107  ./data/map//ex_59107_shiproom
59108  ./data/map//ex_59108_shiproom
30501  ./data/map//tw_30501
31800  ./data/map//tw_31800
31801  ./data/map//tw_31801
31802  ./data/map//tw_31802
31803  ./data/map//tw_31803
31804  ./data/map//tw_31804
31805  ./data/map//tw_31805
31806  ./data/map//tw_31806
31807  ./data/map//tw_31807
31808  ./data/map//tw_31808
31809  ./data/map//tw_31809
31810  ./data/map//tw_31810
31811  ./data/map//tw_31811
31812  ./data/map//tw_31812
31813  ./data/map//tw_31813
31900  ./data/map//TW_31900
31901  ./data/map//TW_31901
31902  ./data/map//TW_31902_cave
31903  ./data/map//TW_31903_cave
31904  ./data/map//TW_31904_cave
31905  ./data/map//TW_31905_cave
31906  ./data/map//TW_31906_cave
31907  ./data/map//TW_31907_cave
31908  ./data/map//TW_31908
31909  ./data/map//TW_31909
31910  ./data/map//TW_31910
31911  ./data/map//TW_31911_sea1
31912  ./data/map//TW_31912_SEA2
31913  ./data/map//TW_31913
31914  ./data/map//TW_31914
31915  ./data/map//TW_31915
31916  ./data/map//TW_31916
31955  ./data/map//tw_31955
31956  ./data/map//tw_31956
31957  ./data/map//tw_31957
31958  ./data/map//tw_31958_room
31959  ./data/map//tw_31959_rest
31960  ./data/map//tw_31960
31961  ./data/map//tw_31961_doukutu
31962  ./data/map//tw_31962_doukutu
31963  ./data/map//tw_31963
31964  ./data/map//tw_31964
31965  ./data/map//tw_31965
31966  ./data/map//tw_31966
31967  ./data/map//tw_31967
31968  ./data/map//tw_31968
31969  ./data/map//tw_31969
31970  ./data/map//tw_31970
31971  ./data/map//tw_31971
31972  ./data/map//tw_31972
31973  ./data/map//tw_31973_gateroom
31974  ./data/map//tw_31974
31975  ./data/map//tw_31975
31976  ./data/map//tw_31976
31977  ./data/map//tw_31977_hos
31978  ./data/map//tw_31978
31979  ./data/map//tw_31979
31980  ./data/map//tw_31980
31981  ./data/map//tw_31981
31982  ./data/map//tw_31982
31983  ./data/map//tw_31983
31984  ./data/map//tw_31984
31985  ./data/map//tw_31985
31986  ./data/map//tw_31986_acse
31987  ./data/map//tw_31987
31988  ./data/map//tw_31988
31989  ./data/map//tw_31989
31990  ./data/map//tw_31990
31991  ./data/map//tw_31991
31992  ./data/map//tw_31992
31993  ./data/map//tw_31993
31994  ./data/map//tw_31994
31995  ./data/map//tw_31995
31996  ./data/map//tw_31996
31997  ./data/map//tw_31997
31998  ./data/map//TW_31998
31999  ./data/map//tw_31999
32000  ./data/map//tw_32000_room
32079  ./data/map//TW_32079_room
32080  ./data/map//TW_32080_kan
32081  ./data/map//TW_32081_kan
32082  ./data/map//TW_32082_ship
32083  ./data/map//TW_32083_ship
32084  ./data/map//TW_32084
32085  ./data/map//TW_32085
32086  ./data/map//TW_32086_komatoi
32087  ./data/map//TW_32087
32088  ./data/map//TW_32088
32089  ./data/map//TW_32089_Depository
32090  ./data/map//TW_32090_Depository
32091  ./data/map//TW_32091
32092  ./data/map//TW_32092
32093  ./data/map//TW_32093
32094  ./data/map//TW_32094
32095  ./data/map//TW_32095
32096  ./data/map//TW_32096
32097  ./data/map//TW_32097
32098  ./data/map//TW_32098
32099  ./data/map//TW_32099
32104  ./data/map//TW_32104
32105  ./data/map//tw_32105
32106  ./data/map//tw_32106
32107  ./data/map//tw_32107
32108  ./data/map//tw_32108
32109  ./data/map//tw_32109
32110  ./data/map//tw_32110
32111  ./data/map//tw_32111
32112  ./data/map//tw_32112
32113  ./data/map//tw_32113
32114  ./data/map//tw_32114
32115  ./data/map//tw_32115
32116  ./data/map//tw_32116
32117  ./data/map//tw_32117
32121  ./data/map//tw_32121_holl
32122  ./data/map//tw_32122
32123  ./data/map//tw_32123
32124  ./data/map//tw_32124
32125  ./data/map//tw_32125
32126  ./data/map//tw_32126
32127  ./data/map//tw_32127
32128  ./data/map//tw_32128
32129  ./data/map//tw_32129
32136  ./data/map//tw_32136_room
32137  ./data/map//tw_32137_minka
32138  ./data/map//tw_32138_minka
32139  ./data/map//tw_32139
32140  ./data/map//tw_32140
32141  ./data/map//tw_32141
32142  ./data/map//tw_32142
32143  ./data/map//tw_32143
32144  ./data/map//tw_32144
32145  ./data/map//tw_32145
32146  ./data/map//TW_32146
32147  ./data/map//tw_32147
32148  ./data/map//tw_32148
32149  ./data/map//tw_32149
32150  ./data/map//TW_32150
32151  ./data/map//tw_32151
32152  ./data/map//tw_32152
32153  ./data/map//tw_32153
32154  ./data/map//tw_32154_doukutu
32155  ./data/map//tw_32155
32156  ./data/map//tw_32156
32157  ./data/map//tw_32157
32158  ./data/map//tw_32158
32159  ./data/map//tw_32159
32160  ./data/map//tw_32160
32161  ./data/map//tw_32161
32162  ./data/map//tw_32162
32163  ./data/map//tw_32163
32164  ./data/map//tw_32164
32165  ./data/map//tw_32165
32166  ./data/map//tw_32166
32167  ./data/map//tw_32167
32168  ./data/map//tw_32168
32169  ./data/map//tw_32169
32170  ./data/map//tw_32170
32171  ./data/map//tw_32171
32172  ./data/map//tw_32172
32173  ./data/map//tw_32173
32174  ./data/map//tw_32174
32175  ./data/map//tw_32175
32176  ./data/map//tw_32176
32177  ./data/map//tw_32177
32178  ./data/map//tw_32178
32179  ./data/map//tw_32179
32180  ./data/map//tw_32180
32181  ./data/map//tw_32181
32182  ./data/map//tw_32182
32183  ./data/map//tw_32183
32184  ./data/map//tw_32184
32185  ./data/map//tw_32185
32186  ./data/map//tw_32186
32187  ./data/map//tw_32187
32188  ./data/map//tw_32188
32189  ./data/map//tw_32189
32190  ./data/map//tw_32190
32191  ./data/map//tw_32191
32192  ./data/map//tw_32192
32193  ./data/map//tw_32193
32194  ./data/map//tw_32194
32273  ./data/map//tw_32273
32274  ./data/map//tw_32274
32275  ./data/map//tw_32275
32276  ./data/map//tw_32276
32277  ./data/map//tw_32277
32278  ./data/map//tw_32278
32279  ./data/map//tw_32279
32280  ./data/map//tw_32280
32281  ./data/map//tw_32281
32282  ./data/map//tw_32282
32283  ./data/map//tw_32283_kan
32284  ./data/map//tw_32284_bar
32285  ./data/map//tw_32285
32286  ./data/map//tw_32286
32287  ./data/map//tw_32287
32295  ./data/map//tw_32295_kan
32297  ./data/map//TW_32297
32466  ./data/map//tw_32466
32467  ./data/map//tw_32467
32468  ./data/map//tw_32468
32469  ./data/map//tw_32469
31917  ./data/map//TW_Cidefanigi_31917
1  ./data/material_map//1
2  ./data/material_map//2
